#
# A fatal error has been detected by the Java Runtime Environment:
#
#  SIGSEGV (0xb) at pc=0x0000000000000000, pid=8407, tid=8434
#
# JRE version: Java(TM) SE Runtime Environment (11.0.4+10) (build 11.0.4+10-LTS)
# Java VM: Java HotSpot(TM) 64-Bit Server VM (11.0.4+10-LTS, mixed mode, tiered, compressed oops, g1 gc, linux-amd64)
# Problematic frame:
# C  0x0000000000000000
#
# Core dump will be written. Default location: Core dumps may be processed with "/usr/share/apport/apport %p %s %c %d %P" (or dumping to /home/orios/eclipse-workspace/taco-cloud/core.8407)
#
# If you would like to submit a bug report, please visit:
#   http://bugreport.java.com/bugreport/crash.jsp
#

---------------  S U M M A R Y ------------

Command Line: -Dfile.encoding=UTF-8 com.rios.tacocloud.TacoCloudApplication

Host: AMD FX(tm)-6300 Six-Core Processor, 6 cores, 7G, Linux Mint 19.1 Tessa
Time: Thu Oct 24 22:11:04 2019 PDT elapsed time: 0 seconds (0d 0h 0m 0s)

---------------  T H R E A D  ---------------

Current thread (0x00007fb9e4001000):  GCTaskThread "GC Thread#1" [stack: 0x00007fb9bf4ed000,0x00007fb9bf5ed000] [id=8434]

Stack: [0x00007fb9bf4ed000,0x00007fb9bf5ed000],  sp=0x00007fb9bf5eba98,  free space=1018k

siginfo: si_signo: 11 (SIGSEGV), si_code: 1 (SEGV_MAPERR), si_addr: 0x0000000000000000

Register to memory mapping:

RAX=0x00007fba1f809ea0: <offset 0x0000000001449ea0> in /usr/lib/jvm/java-11-oracle/lib/server/libjvm.so at 0x00007fba1e3c0000
RBX=0x000000008b9306b8 is an oop: 
[error occurred during error reporting (printing register info), id 0xb, SIGSEGV (0xb) at pc=0x00007fba1ef43014]

Registers:
RAX=0x00007fba1f809ea0, RBX=0x000000008b9306b8, RCX=0x0000000000007fb9, RDX=0x0000000100010820
RSP=0x00007fb9bf5eba98, RBP=0x00007fb9bf5ebb20, RSI=0x000000008b1a0f60, RDI=0x00007fb9a8000d10
R8 =0x0000000000000003, R9 =0x0000000000000000, R10=0x000000000000000a, R11=0x0000000000000000
R12=0x000000008b1a0f60, R13=0x0000e0000000000a, R14=0x00007fb9a8000ba0, R15=0x0000000000000001
RIP=0x0000000000000000, EFLAGS=0x0000000000010202, CSGSFS=0x002b000000000033, ERR=0x0000000000000014
  TRAPNO=0x000000000000000e

Top of Stack: (sp=0x00007fb9bf5eba98)
0x00007fb9bf5eba98:   00007fba1eb74f1f 00007fb9bf5ebb10
0x00007fb9bf5ebaa8:   00007fba1f980ea6 00007fb9bf5ebb10
0x00007fb9bf5ebab8:   c000000000000000 000000000000000a
0x00007fb9bf5ebac8:   000000101efc0fff 0000000000000001 

Instructions: (pc=0x0000000000000000)
0xffffffffffffffe0:   

Stack slot to memory mapping:
stack at sp + 0 slots: 0x00007fba1eb74f1f: <offset 0x00000000007b4f1f> in /usr/lib/jvm/java-11-oracle/lib/server/libjvm.so at 0x00007fba1e3c0000
stack at sp + 1 slots: 0x00007fb9bf5ebb10 points into unknown readable memory: 00 00 00 00 00 00 00 e0
stack at sp + 2 slots: 0x00007fba1f980ea6: __clock_gettime+0x0000000000000026 in /lib/x86_64-linux-gnu/libc.so.6 at 0x00007fba1f850000
stack at sp + 3 slots: 0x00007fb9bf5ebb10 points into unknown readable memory: 00 00 00 00 00 00 00 e0
stack at sp + 4 slots: 0xc000000000000000 is an unknown value
stack at sp + 5 slots: 0x000000000000000a is an unknown value
stack at sp + 6 slots: 0x000000101efc0fff is an unknown value
stack at sp + 7 slots: 0x0000000000000001 is an unknown value


---------------  P R O C E S S  ---------------

Threads class SMR info:
_java_thread_list=0x00007fb9b003de50, length=13, elements={
0x00007fba18013000, 0x00007fba18158000, 0x00007fba1815c800, 0x00007fba1816f000,
0x00007fba18171000, 0x00007fba18173000, 0x00007fba18175000, 0x00007fba181e3800,
0x00007fba181f5000, 0x00007fb9c8391000, 0x00007fba186e6800, 0x00007fb9ac002800,
0x00007fb9b003b000
}

Java Threads: ( => current thread )
  0x00007fba18013000 JavaThread "main" [_thread_blocked, id=8409, stack(0x00007fba205b5000,0x00007fba206b6000)]
  0x00007fba18158000 JavaThread "Reference Handler" daemon [_thread_blocked, id=8421, stack(0x00007fb9f1176000,0x00007fb9f1277000)]
  0x00007fba1815c800 JavaThread "Finalizer" daemon [_thread_blocked, id=8422, stack(0x00007fb9f1075000,0x00007fb9f1176000)]
  0x00007fba1816f000 JavaThread "Signal Dispatcher" daemon [_thread_blocked, id=8423, stack(0x00007fb9f0c8f000,0x00007fb9f0d90000)]
  0x00007fba18171000 JavaThread "C2 CompilerThread0" daemon [_thread_blocked, id=8424, stack(0x00007fb9f0b8e000,0x00007fb9f0c8f000)]
  0x00007fba18173000 JavaThread "C1 CompilerThread0" daemon [_thread_blocked, id=8425, stack(0x00007fb9f0a8d000,0x00007fb9f0b8e000)]
  0x00007fba18175000 JavaThread "Sweeper thread" daemon [_thread_blocked, id=8426, stack(0x00007fb9f098c000,0x00007fb9f0a8d000)]
  0x00007fba181e3800 JavaThread "Service Thread" daemon [_thread_blocked, id=8427, stack(0x00007fb9f088b000,0x00007fb9f098c000)]
  0x00007fba181f5000 JavaThread "Common-Cleaner" daemon [_thread_blocked, id=8429, stack(0x00007fb9f0688000,0x00007fb9f0789000)]
  0x00007fb9c8391000 JavaThread "C2 CompilerThread1" daemon [_thread_in_native, id=8430, stack(0x00007fb9bfeff000,0x00007fb9c0000000)]
  0x00007fba186e6800 JavaThread "Thread-0" [_thread_blocked, id=8431, stack(0x00007fb9bf9ef000,0x00007fb9bfaf0000)]
  0x00007fb9ac002800 JavaThread "restartedMain" [_thread_blocked, id=8432, stack(0x00007fb9bf8ee000,0x00007fb9bf9ef000)]
  0x00007fb9b003b000 JavaThread "background-preinit" [_thread_blocked, id=8433, stack(0x00007fb9bf5ed000,0x00007fb9bf6ee000)]

Other Threads:
  0x00007fba18150000 VMThread "VM Thread" [stack: 0x00007fb9f1279000,0x00007fb9f1379000] [id=8420]
  0x00007fba181ee000 WatcherThread [stack: 0x00007fb9f078b000,0x00007fb9f088b000] [id=8428]
  0x00007fba1803b000 GCTaskThread "GC Thread#0" [stack: 0x00007fba1ca82000,0x00007fba1cb82000] [id=8415]
=>0x00007fb9e4001000 GCTaskThread "GC Thread#1" [stack: 0x00007fb9bf4ed000,0x00007fb9bf5ed000] [id=8434]
  0x00007fb9e4002800 GCTaskThread "GC Thread#2" [stack: 0x00007fb9bf3eb000,0x00007fb9bf4eb000] [id=8435]
  0x00007fb9e4004000 GCTaskThread "GC Thread#3" [stack: 0x00007fb9bf2e9000,0x00007fb9bf3e9000] [id=8436]
  0x00007fb9e4006000 GCTaskThread "GC Thread#4" [stack: 0x00007fb9bf1e7000,0x00007fb9bf2e7000] [id=8437]
  0x00007fb9e4007800 GCTaskThread "GC Thread#5" [stack: 0x00007fb9bf0e5000,0x00007fb9bf1e5000] [id=8438]
  0x00007fba1806c000 ConcurrentGCThread "G1 Main Marker" [stack: 0x00007fba0036e000,0x00007fba0046e000] [id=8416]
  0x00007fba1806e000 ConcurrentGCThread "G1 Conc#0" [stack: 0x00007fba0026c000,0x00007fba0036c000] [id=8417]
  0x00007fba180ee800 ConcurrentGCThread "G1 Refine#0" [stack: 0x00007fb9f1cfe000,0x00007fb9f1dfe000] [id=8418]
  0x00007fba180f0000 ConcurrentGCThread "G1 Young RemSet Sampling" [stack: 0x00007fb9f1bfc000,0x00007fb9f1cfc000] [id=8419]

Threads with active compile tasks:
C2 CompilerThread0 970       4       java.io.UnixFileSystem::normalize (75 bytes)
C1 CompilerThread0 978       1       java.util.ImmutableCollections$ListN::get (7 bytes)
C2 CompilerThread1 969       4       jdk.internal.org.objectweb.asm.Item::set (219 bytes)

VM state:at safepoint (normal execution)

VM Mutex/Monitor currently owned by a thread:  ([mutex/lock_event])
[0x00007fba1800f520] Threads_lock - owner thread: 0x00007fba18150000
[0x00007fba1800fc70] Heap_lock - owner thread: 0x00007fb9b003b000

Heap address: 0x0000000084e00000, size: 1970 MB, Compressed Oops mode: 32-bit
Narrow klass base: 0x0000000000000000, Narrow klass shift: 3
Compressed class space size: 1073741824 Address: 0x0000000100000000

Heap:
 garbage-first heap   total 126976K, used 22528K [0x0000000084e00000, 0x0000000100000000)
  region size 1024K, 25 young (25600K), 3 survivors (3072K)
 Metaspace       used 12425K, capacity 12611K, committed 12928K, reserved 1060864K
  class space    used 1231K, capacity 1313K, committed 1408K, reserved 1048576K
Heap Regions: E=young(eden), S=young(survivor), O=old, HS=humongous(starts), HC=humongous(continues), CS=collection set, F=free, A=archive, TAMS=top-at-mark-start (previous, next)
|   0|0x0000000084e00000, 0x0000000084f00000, 0x0000000084f00000|100%| O|  |TAMS 0x0000000084e00000, 0x0000000084e00000| Untracked 
|   1|0x0000000084f00000, 0x0000000084f1abc8, 0x0000000085000000| 10%| O|  |TAMS 0x0000000084f00000, 0x0000000084f00000| Untracked 
|   2|0x0000000085000000, 0x0000000085000000, 0x0000000085100000|  0%| F|  |TAMS 0x0000000085000000, 0x0000000085000000| Untracked 
|   3|0x0000000085100000, 0x0000000085100000, 0x0000000085200000|  0%| F|  |TAMS 0x0000000085100000, 0x0000000085100000| Untracked 
|   4|0x0000000085200000, 0x0000000085200000, 0x0000000085300000|  0%| F|  |TAMS 0x0000000085200000, 0x0000000085200000| Untracked 
|   5|0x0000000085300000, 0x0000000085300000, 0x0000000085400000|  0%| F|  |TAMS 0x0000000085300000, 0x0000000085300000| Untracked 
|   6|0x0000000085400000, 0x0000000085400000, 0x0000000085500000|  0%| F|  |TAMS 0x0000000085400000, 0x0000000085400000| Untracked 
|   7|0x0000000085500000, 0x0000000085500000, 0x0000000085600000|  0%| F|  |TAMS 0x0000000085500000, 0x0000000085500000| Untracked 
|   8|0x0000000085600000, 0x0000000085600000, 0x0000000085700000|  0%| F|  |TAMS 0x0000000085600000, 0x0000000085600000| Untracked 
|   9|0x0000000085700000, 0x0000000085700000, 0x0000000085800000|  0%| F|  |TAMS 0x0000000085700000, 0x0000000085700000| Untracked 
|  10|0x0000000085800000, 0x0000000085800000, 0x0000000085900000|  0%| F|  |TAMS 0x0000000085800000, 0x0000000085800000| Untracked 
|  11|0x0000000085900000, 0x0000000085900000, 0x0000000085a00000|  0%| F|  |TAMS 0x0000000085900000, 0x0000000085900000| Untracked 
|  12|0x0000000085a00000, 0x0000000085a00000, 0x0000000085b00000|  0%| F|  |TAMS 0x0000000085a00000, 0x0000000085a00000| Untracked 
|  13|0x0000000085b00000, 0x0000000085b00000, 0x0000000085c00000|  0%| F|  |TAMS 0x0000000085b00000, 0x0000000085b00000| Untracked 
|  14|0x0000000085c00000, 0x0000000085c00000, 0x0000000085d00000|  0%| F|  |TAMS 0x0000000085c00000, 0x0000000085c00000| Untracked 
|  15|0x0000000085d00000, 0x0000000085d00000, 0x0000000085e00000|  0%| F|  |TAMS 0x0000000085d00000, 0x0000000085d00000| Untracked 
|  16|0x0000000085e00000, 0x0000000085e00000, 0x0000000085f00000|  0%| F|  |TAMS 0x0000000085e00000, 0x0000000085e00000| Untracked 
|  17|0x0000000085f00000, 0x0000000085f00000, 0x0000000086000000|  0%| F|  |TAMS 0x0000000085f00000, 0x0000000085f00000| Untracked 
|  18|0x0000000086000000, 0x0000000086000000, 0x0000000086100000|  0%| F|  |TAMS 0x0000000086000000, 0x0000000086000000| Untracked 
|  19|0x0000000086100000, 0x0000000086100000, 0x0000000086200000|  0%| F|  |TAMS 0x0000000086100000, 0x0000000086100000| Untracked 
|  20|0x0000000086200000, 0x0000000086200000, 0x0000000086300000|  0%| F|  |TAMS 0x0000000086200000, 0x0000000086200000| Untracked 
|  21|0x0000000086300000, 0x0000000086300000, 0x0000000086400000|  0%| F|  |TAMS 0x0000000086300000, 0x0000000086300000| Untracked 
|  22|0x0000000086400000, 0x0000000086400000, 0x0000000086500000|  0%| F|  |TAMS 0x0000000086400000, 0x0000000086400000| Untracked 
|  23|0x0000000086500000, 0x0000000086500000, 0x0000000086600000|  0%| F|  |TAMS 0x0000000086500000, 0x0000000086500000| Untracked 
|  24|0x0000000086600000, 0x0000000086600000, 0x0000000086700000|  0%| F|  |TAMS 0x0000000086600000, 0x0000000086600000| Untracked 
|  25|0x0000000086700000, 0x0000000086700000, 0x0000000086800000|  0%| F|  |TAMS 0x0000000086700000, 0x0000000086700000| Untracked 
|  26|0x0000000086800000, 0x0000000086800000, 0x0000000086900000|  0%| F|  |TAMS 0x0000000086800000, 0x0000000086800000| Untracked 
|  27|0x0000000086900000, 0x0000000086900000, 0x0000000086a00000|  0%| F|  |TAMS 0x0000000086900000, 0x0000000086900000| Untracked 
|  28|0x0000000086a00000, 0x0000000086a00000, 0x0000000086b00000|  0%| F|  |TAMS 0x0000000086a00000, 0x0000000086a00000| Untracked 
|  29|0x0000000086b00000, 0x0000000086b00000, 0x0000000086c00000|  0%| F|  |TAMS 0x0000000086b00000, 0x0000000086b00000| Untracked 
|  30|0x0000000086c00000, 0x0000000086c00000, 0x0000000086d00000|  0%| F|  |TAMS 0x0000000086c00000, 0x0000000086c00000| Untracked 
|  31|0x0000000086d00000, 0x0000000086d00000, 0x0000000086e00000|  0%| F|  |TAMS 0x0000000086d00000, 0x0000000086d00000| Untracked 
|  32|0x0000000086e00000, 0x0000000086e00000, 0x0000000086f00000|  0%| F|  |TAMS 0x0000000086e00000, 0x0000000086e00000| Untracked 
|  33|0x0000000086f00000, 0x0000000086f00000, 0x0000000087000000|  0%| F|  |TAMS 0x0000000086f00000, 0x0000000086f00000| Untracked 
|  34|0x0000000087000000, 0x0000000087000000, 0x0000000087100000|  0%| F|  |TAMS 0x0000000087000000, 0x0000000087000000| Untracked 
|  35|0x0000000087100000, 0x0000000087100000, 0x0000000087200000|  0%| F|  |TAMS 0x0000000087100000, 0x0000000087100000| Untracked 
|  36|0x0000000087200000, 0x0000000087200000, 0x0000000087300000|  0%| F|  |TAMS 0x0000000087200000, 0x0000000087200000| Untracked 
|  37|0x0000000087300000, 0x0000000087300000, 0x0000000087400000|  0%| F|  |TAMS 0x0000000087300000, 0x0000000087300000| Untracked 
|  38|0x0000000087400000, 0x0000000087400000, 0x0000000087500000|  0%| F|  |TAMS 0x0000000087400000, 0x0000000087400000| Untracked 
|  39|0x0000000087500000, 0x0000000087500000, 0x0000000087600000|  0%| F|  |TAMS 0x0000000087500000, 0x0000000087500000| Untracked 
|  40|0x0000000087600000, 0x0000000087600000, 0x0000000087700000|  0%| F|  |TAMS 0x0000000087600000, 0x0000000087600000| Untracked 
|  41|0x0000000087700000, 0x0000000087700000, 0x0000000087800000|  0%| F|  |TAMS 0x0000000087700000, 0x0000000087700000| Untracked 
|  42|0x0000000087800000, 0x0000000087800000, 0x0000000087900000|  0%| F|  |TAMS 0x0000000087800000, 0x0000000087800000| Untracked 
|  43|0x0000000087900000, 0x0000000087900000, 0x0000000087a00000|  0%| F|  |TAMS 0x0000000087900000, 0x0000000087900000| Untracked 
|  44|0x0000000087a00000, 0x0000000087a00000, 0x0000000087b00000|  0%| F|  |TAMS 0x0000000087a00000, 0x0000000087a00000| Untracked 
|  45|0x0000000087b00000, 0x0000000087b00000, 0x0000000087c00000|  0%| F|  |TAMS 0x0000000087b00000, 0x0000000087b00000| Untracked 
|  46|0x0000000087c00000, 0x0000000087c00000, 0x0000000087d00000|  0%| F|  |TAMS 0x0000000087c00000, 0x0000000087c00000| Untracked 
|  47|0x0000000087d00000, 0x0000000087d00000, 0x0000000087e00000|  0%| F|  |TAMS 0x0000000087d00000, 0x0000000087d00000| Untracked 
|  48|0x0000000087e00000, 0x0000000087e00000, 0x0000000087f00000|  0%| F|  |TAMS 0x0000000087e00000, 0x0000000087e00000| Untracked 
|  49|0x0000000087f00000, 0x0000000087f00000, 0x0000000088000000|  0%| F|  |TAMS 0x0000000087f00000, 0x0000000087f00000| Untracked 
|  50|0x0000000088000000, 0x0000000088000000, 0x0000000088100000|  0%| F|  |TAMS 0x0000000088000000, 0x0000000088000000| Untracked 
|  51|0x0000000088100000, 0x0000000088100000, 0x0000000088200000|  0%| F|  |TAMS 0x0000000088100000, 0x0000000088100000| Untracked 
|  52|0x0000000088200000, 0x0000000088200000, 0x0000000088300000|  0%| F|  |TAMS 0x0000000088200000, 0x0000000088200000| Untracked 
|  53|0x0000000088300000, 0x0000000088300000, 0x0000000088400000|  0%| F|  |TAMS 0x0000000088300000, 0x0000000088300000| Untracked 
|  54|0x0000000088400000, 0x0000000088400000, 0x0000000088500000|  0%| F|  |TAMS 0x0000000088400000, 0x0000000088400000| Untracked 
|  55|0x0000000088500000, 0x0000000088500000, 0x0000000088600000|  0%| F|  |TAMS 0x0000000088500000, 0x0000000088500000| Untracked 
|  56|0x0000000088600000, 0x0000000088600000, 0x0000000088700000|  0%| F|  |TAMS 0x0000000088600000, 0x0000000088600000| Untracked 
|  57|0x0000000088700000, 0x0000000088700000, 0x0000000088800000|  0%| F|  |TAMS 0x0000000088700000, 0x0000000088700000| Untracked 
|  58|0x0000000088800000, 0x0000000088800000, 0x0000000088900000|  0%| F|  |TAMS 0x0000000088800000, 0x0000000088800000| Untracked 
|  59|0x0000000088900000, 0x0000000088900000, 0x0000000088a00000|  0%| F|  |TAMS 0x0000000088900000, 0x0000000088900000| Untracked 
|  60|0x0000000088a00000, 0x0000000088a00000, 0x0000000088b00000|  0%| F|  |TAMS 0x0000000088a00000, 0x0000000088a00000| Untracked 
|  61|0x0000000088b00000, 0x0000000088b00000, 0x0000000088c00000|  0%| F|  |TAMS 0x0000000088b00000, 0x0000000088b00000| Untracked 
|  62|0x0000000088c00000, 0x0000000088c00000, 0x0000000088d00000|  0%| F|  |TAMS 0x0000000088c00000, 0x0000000088c00000| Untracked 
|  63|0x0000000088d00000, 0x0000000088d00000, 0x0000000088e00000|  0%| F|  |TAMS 0x0000000088d00000, 0x0000000088d00000| Untracked 
|  64|0x0000000088e00000, 0x0000000088e00000, 0x0000000088f00000|  0%| F|  |TAMS 0x0000000088e00000, 0x0000000088e00000| Untracked 
|  65|0x0000000088f00000, 0x0000000088f00000, 0x0000000089000000|  0%| F|  |TAMS 0x0000000088f00000, 0x0000000088f00000| Untracked 
|  66|0x0000000089000000, 0x0000000089000000, 0x0000000089100000|  0%| F|  |TAMS 0x0000000089000000, 0x0000000089000000| Untracked 
|  67|0x0000000089100000, 0x0000000089100000, 0x0000000089200000|  0%| F|  |TAMS 0x0000000089100000, 0x0000000089100000| Untracked 
|  68|0x0000000089200000, 0x0000000089200000, 0x0000000089300000|  0%| F|  |TAMS 0x0000000089200000, 0x0000000089200000| Untracked 
|  69|0x0000000089300000, 0x0000000089300000, 0x0000000089400000|  0%| F|  |TAMS 0x0000000089300000, 0x0000000089300000| Untracked 
|  70|0x0000000089400000, 0x0000000089400000, 0x0000000089500000|  0%| F|  |TAMS 0x0000000089400000, 0x0000000089400000| Untracked 
|  71|0x0000000089500000, 0x0000000089500000, 0x0000000089600000|  0%| F|  |TAMS 0x0000000089500000, 0x0000000089500000| Untracked 
|  72|0x0000000089600000, 0x0000000089600000, 0x0000000089700000|  0%| F|  |TAMS 0x0000000089600000, 0x0000000089600000| Untracked 
|  73|0x0000000089700000, 0x0000000089700000, 0x0000000089800000|  0%| F|  |TAMS 0x0000000089700000, 0x0000000089700000| Untracked 
|  74|0x0000000089800000, 0x0000000089800000, 0x0000000089900000|  0%| F|  |TAMS 0x0000000089800000, 0x0000000089800000| Untracked 
|  75|0x0000000089900000, 0x0000000089900000, 0x0000000089a00000|  0%| F|  |TAMS 0x0000000089900000, 0x0000000089900000| Untracked 
|  76|0x0000000089a00000, 0x0000000089a00000, 0x0000000089b00000|  0%| F|  |TAMS 0x0000000089a00000, 0x0000000089a00000| Untracked 
|  77|0x0000000089b00000, 0x0000000089b00000, 0x0000000089c00000|  0%| F|  |TAMS 0x0000000089b00000, 0x0000000089b00000| Untracked 
|  78|0x0000000089c00000, 0x0000000089c00000, 0x0000000089d00000|  0%| F|  |TAMS 0x0000000089c00000, 0x0000000089c00000| Untracked 
|  79|0x0000000089d00000, 0x0000000089d00000, 0x0000000089e00000|  0%| F|  |TAMS 0x0000000089d00000, 0x0000000089d00000| Untracked 
|  80|0x0000000089e00000, 0x0000000089e00000, 0x0000000089f00000|  0%| F|  |TAMS 0x0000000089e00000, 0x0000000089e00000| Untracked 
|  81|0x0000000089f00000, 0x0000000089f00000, 0x000000008a000000|  0%| F|  |TAMS 0x0000000089f00000, 0x0000000089f00000| Untracked 
|  82|0x000000008a000000, 0x000000008a000000, 0x000000008a100000|  0%| F|  |TAMS 0x000000008a000000, 0x000000008a000000| Untracked 
|  83|0x000000008a100000, 0x000000008a100000, 0x000000008a200000|  0%| F|  |TAMS 0x000000008a100000, 0x000000008a100000| Untracked 
|  84|0x000000008a200000, 0x000000008a200000, 0x000000008a300000|  0%| F|  |TAMS 0x000000008a200000, 0x000000008a200000| Untracked 
|  85|0x000000008a300000, 0x000000008a300000, 0x000000008a400000|  0%| F|  |TAMS 0x000000008a300000, 0x000000008a300000| Untracked 
|  86|0x000000008a400000, 0x000000008a400000, 0x000000008a500000|  0%| F|  |TAMS 0x000000008a400000, 0x000000008a400000| Untracked 
|  87|0x000000008a500000, 0x000000008a500000, 0x000000008a600000|  0%| F|  |TAMS 0x000000008a500000, 0x000000008a500000| Untracked 
|  88|0x000000008a600000, 0x000000008a600000, 0x000000008a700000|  0%| F|  |TAMS 0x000000008a600000, 0x000000008a600000| Untracked 
|  89|0x000000008a700000, 0x000000008a700000, 0x000000008a800000|  0%| F|  |TAMS 0x000000008a700000, 0x000000008a700000| Untracked 
|  90|0x000000008a800000, 0x000000008a800000, 0x000000008a900000|  0%| F|  |TAMS 0x000000008a800000, 0x000000008a800000| Untracked 
|  91|0x000000008a900000, 0x000000008a900000, 0x000000008aa00000|  0%| F|  |TAMS 0x000000008a900000, 0x000000008a900000| Untracked 
|  92|0x000000008aa00000, 0x000000008aa00000, 0x000000008ab00000|  0%| F|  |TAMS 0x000000008aa00000, 0x000000008aa00000| Untracked 
|  93|0x000000008ab00000, 0x000000008ab00000, 0x000000008ac00000|  0%| F|  |TAMS 0x000000008ab00000, 0x000000008ab00000| Untracked 
|  94|0x000000008ac00000, 0x000000008ac00000, 0x000000008ad00000|  0%| F|  |TAMS 0x000000008ac00000, 0x000000008ac00000| Untracked 
|  95|0x000000008ad00000, 0x000000008ad00000, 0x000000008ae00000|  0%| F|  |TAMS 0x000000008ad00000, 0x000000008ad00000| Untracked 
|  96|0x000000008ae00000, 0x000000008ae00000, 0x000000008af00000|  0%| F|  |TAMS 0x000000008ae00000, 0x000000008ae00000| Untracked 
|  97|0x000000008af00000, 0x000000008af00000, 0x000000008b000000|  0%| F|  |TAMS 0x000000008af00000, 0x000000008af00000| Untracked 
|  98|0x000000008b000000, 0x000000008b000000, 0x000000008b100000|  0%| F|  |TAMS 0x000000008b000000, 0x000000008b000000| Untracked 
|  99|0x000000008b100000, 0x000000008b200000, 0x000000008b200000|100%| S|  |TAMS 0x000000008b100000, 0x000000008b100000| Complete 
| 100|0x000000008b200000, 0x000000008b300000, 0x000000008b300000|100%| S|  |TAMS 0x000000008b200000, 0x000000008b200000| Complete 
| 101|0x000000008b300000, 0x000000008b400000, 0x000000008b400000|100%| S|  |TAMS 0x000000008b300000, 0x000000008b300000| Complete 
| 102|0x000000008b400000, 0x000000008b500000, 0x000000008b500000|100%| E|CS|TAMS 0x000000008b400000, 0x000000008b400000| Complete 
| 103|0x000000008b500000, 0x000000008b600000, 0x000000008b600000|100%| E|CS|TAMS 0x000000008b500000, 0x000000008b500000| Complete 
| 104|0x000000008b600000, 0x000000008b700000, 0x000000008b700000|100%| E|CS|TAMS 0x000000008b600000, 0x000000008b600000| Complete 
| 105|0x000000008b700000, 0x000000008b800000, 0x000000008b800000|100%| E|CS|TAMS 0x000000008b700000, 0x000000008b700000| Complete 
| 106|0x000000008b800000, 0x000000008b900000, 0x000000008b900000|100%| E|CS|TAMS 0x000000008b800000, 0x000000008b800000| Complete 
| 107|0x000000008b900000, 0x000000008ba00000, 0x000000008ba00000|100%| E|CS|TAMS 0x000000008b900000, 0x000000008b900000| Complete 
| 108|0x000000008ba00000, 0x000000008bb00000, 0x000000008bb00000|100%| E|CS|TAMS 0x000000008ba00000, 0x000000008ba00000| Complete 
| 109|0x000000008bb00000, 0x000000008bc00000, 0x000000008bc00000|100%| E|CS|TAMS 0x000000008bb00000, 0x000000008bb00000| Complete 
| 110|0x000000008bc00000, 0x000000008bd00000, 0x000000008bd00000|100%| E|CS|TAMS 0x000000008bc00000, 0x000000008bc00000| Complete 
| 111|0x000000008bd00000, 0x000000008be00000, 0x000000008be00000|100%| E|CS|TAMS 0x000000008bd00000, 0x000000008bd00000| Complete 
| 112|0x000000008be00000, 0x000000008bf00000, 0x000000008bf00000|100%| E|CS|TAMS 0x000000008be00000, 0x000000008be00000| Complete 
| 113|0x000000008bf00000, 0x000000008c000000, 0x000000008c000000|100%| E|CS|TAMS 0x000000008bf00000, 0x000000008bf00000| Complete 
| 114|0x000000008c000000, 0x000000008c100000, 0x000000008c100000|100%| E|CS|TAMS 0x000000008c000000, 0x000000008c000000| Complete 
| 115|0x000000008c100000, 0x000000008c200000, 0x000000008c200000|100%| E|CS|TAMS 0x000000008c100000, 0x000000008c100000| Complete 
| 116|0x000000008c200000, 0x000000008c300000, 0x000000008c300000|100%| E|CS|TAMS 0x000000008c200000, 0x000000008c200000| Complete 
| 117|0x000000008c300000, 0x000000008c400000, 0x000000008c400000|100%| E|CS|TAMS 0x000000008c300000, 0x000000008c300000| Complete 
| 118|0x000000008c400000, 0x000000008c500000, 0x000000008c500000|100%| E|CS|TAMS 0x000000008c400000, 0x000000008c400000| Complete 
| 119|0x000000008c500000, 0x000000008c600000, 0x000000008c600000|100%| E|CS|TAMS 0x000000008c500000, 0x000000008c500000| Complete 
| 120|0x000000008c600000, 0x000000008c700000, 0x000000008c700000|100%| E|CS|TAMS 0x000000008c600000, 0x000000008c600000| Complete 
| 121|0x000000008c700000, 0x000000008c800000, 0x000000008c800000|100%| E|CS|TAMS 0x000000008c700000, 0x000000008c700000| Complete 
| 122|0x000000008c800000, 0x000000008c900000, 0x000000008c900000|100%| E|CS|TAMS 0x000000008c800000, 0x000000008c800000| Complete 
| 123|0x000000008c900000, 0x000000008ca00000, 0x000000008ca00000|100%| E|CS|TAMS 0x000000008c900000, 0x000000008c900000| Complete 

Card table byte_map: [0x00007fba00847000,0x00007fba00c20000] _byte_map_base: 0x00007fba00420000

Marking Bits (Prev, Next): (CMBitMap*) 0x00007fba18063ad8, (CMBitMap*) 0x00007fba18063b10
 Prev Bits: [0x00007fb9fa138000, 0x00007fb9fc000000)
 Next Bits: [0x00007fb9f8270000, 0x00007fb9fa138000)

Polling page: 0x00007fba206cd000

Metaspace:

Usage:
  Non-class:     11.03 MB capacity,    10.93 MB (>99%) used,    84.37 KB ( <1%) free+waste,    19.50 KB ( <1%) overhead. 
      Class:      1.28 MB capacity,     1.20 MB ( 94%) used,    72.45 KB (  6%) free+waste,     9.06 KB ( <1%) overhead. 
       Both:     12.32 MB capacity,    12.13 MB ( 99%) used,   156.82 KB (  1%) free+waste,    28.56 KB ( <1%) overhead. 

Virtual space:
  Non-class space:       12.00 MB reserved,      11.25 MB ( 94%) committed 
      Class space:        1.00 GB reserved,       1.38 MB ( <1%) committed 
             Both:        1.01 GB reserved,      12.62 MB (  1%) committed 

Chunk freelists:
   Non-Class:  4.75 KB
       Class:  0 bytes
        Both:  4.75 KB

CodeHeap 'non-profiled nmethods': size=120032Kb used=284Kb max_used=284Kb free=119747Kb
 bounds [0x00007fba086e8000, 0x00007fba08958000, 0x00007fba0fc20000]
CodeHeap 'profiled nmethods': size=120032Kb used=1858Kb max_used=1858Kb free=118173Kb
 bounds [0x00007fba011b0000, 0x00007fba01420000, 0x00007fba086e8000]
CodeHeap 'non-nmethods': size=5696Kb used=1061Kb max_used=1074Kb free=4634Kb
 bounds [0x00007fba00c20000, 0x00007fba00e90000, 0x00007fba011b0000]
 total_blobs=1546 nmethods=963 adapters=288
 compilation: enabled
              stopped_count=0, restarted_count=0
 full_count=0

Compilation events (10 events):
Event: 0.763 Thread 0x00007fba18173000  966       3       sun.invoke.util.Wrapper::stackSlots (9 bytes)
Event: 0.763 Thread 0x00007fba18173000 nmethod 966 0x00007fba011c7c90 code [0x00007fba011c7e40, 0x00007fba011c7f90]
Event: 0.763 Thread 0x00007fba18173000  951       1       java.util.Collections$1::hasNext (5 bytes)
Event: 0.764 Thread 0x00007fba18173000 nmethod 951 0x00007fba0872e610 code [0x00007fba0872e7c0, 0x00007fba0872e8d0]
Event: 0.764 Thread 0x00007fba18173000  931       1       sun.reflect.generics.visitor.Reifier::getFactory (5 bytes)
Event: 0.768 Thread 0x00007fba18173000 nmethod 931 0x00007fba0872e910 code [0x00007fba0872eac0, 0x00007fba0872ebd0]
Event: 0.768 Thread 0x00007fba18173000  949       1       sun.reflect.generics.tree.SimpleClassTypeSignature::getTypeArguments (5 bytes)
Event: 0.768 Thread 0x00007fba18173000 nmethod 949 0x00007fba0872ec10 code [0x00007fba0872edc0, 0x00007fba0872eed0]
Event: 0.772 Thread 0x00007fba18171000  970       4       java.io.UnixFileSystem::normalize (75 bytes)
Event: 0.772 Thread 0x00007fba18173000  978       1       java.util.ImmutableCollections$ListN::get (7 bytes)

GC Heap History (1 events):
Event: 0.772 GC heap before
{Heap before GC invocations=0 (full 0):
 garbage-first heap   total 126976K, used 22528K [0x0000000084e00000, 0x0000000100000000)
  region size 1024K, 22 young (22528K), 0 survivors (0K)
 Metaspace       used 12425K, capacity 12611K, committed 12928K, reserved 1060864K
  class space    used 1231K, capacity 1313K, committed 1408K, reserved 1048576K
}

Deoptimization events (5 events):
Event: 0.106 Thread 0x00007fba18013000 Uncommon trap: reason=unstable_if action=reinterpret pc=0x00007fba086ecb84 method=java.lang.String.hashCode()I @ 14 c2
Event: 0.175 Thread 0x00007fba18013000 Uncommon trap: reason=unstable_if action=reinterpret pc=0x00007fba086f1a3c method=java.util.zip.ZipFile$Source.isMetaName([BII)Z @ 43 c2
Event: 0.253 Thread 0x00007fba18013000 Uncommon trap: reason=unstable_if action=reinterpret pc=0x00007fba086f91e4 method=java.io.BufferedReader.read()I @ 19 c2
Event: 0.366 Thread 0x00007fba18013000 Uncommon trap: reason=unstable_if action=reinterpret pc=0x00007fba086e928c method=java.lang.String.isLatin1()Z @ 10 c2
Event: 0.622 Thread 0x00007fb9ac002800 Uncommon trap: reason=class_check action=maybe_recompile pc=0x00007fba0870f50c method=jdk.internal.loader.URLClassPath.getLoader(I)Ljdk/internal/loader/URLClassPath$Loader; @ 88 c2

Classes redefined (0 events):
No events

Internal exceptions (5 events):
Event: 0.250 Thread 0x00007fba18013000 Exception <a 'java/lang/ClassNotFoundException'{0x000000008c467fd8}: javax/smartcardio/CardPermission> (0x000000008c467fd8) thrown at [/scratch/opt/mach5/mesos/work_dir/slaves/ae206c0d-865c-4d69-a16b-c4e90bf2719f-S646/frameworks/1735e8a2-a1db-478c-8104-60
Event: 0.255 Thread 0x00007fba18013000 Exception <a 'java/io/FileNotFoundException'{0x000000008c471738}> (0x000000008c471738) thrown at [/scratch/opt/mach5/mesos/work_dir/slaves/ae206c0d-865c-4d69-a16b-c4e90bf2719f-S646/frameworks/1735e8a2-a1db-478c-8104-60c8b0af87dd-0196/executors/9e8e1abd-20
Event: 0.442 Thread 0x00007fba18013000 Exception <a 'java/lang/NoSuchMethodError'{0x000000008c0c5898}: java.lang.invoke.DirectMethodHandle$Holder.invokeStaticInit(Ljava/lang/Object;Ljava/lang/Object;)I> (0x000000008c0c5898) thrown at [/scratch/opt/mach5/mesos/work_dir/slaves/ae206c0d-865c-4d69
Event: 0.560 Thread 0x00007fba18013000 Exception <a 'java/lang/NoSuchMethodError'{0x000000008bc93388}: java.lang.invoke.DirectMethodHandle$Holder.invokeStaticInit(Ljava/lang/Object;Ljava/lang/Object;Ljava/lang/Object;)Ljava/lang/Object;> (0x000000008bc93388) thrown at [/scratch/opt/mach5/mesos
Event: 0.770 Thread 0x00007fb9ac002800 Exception <a 'java/lang/NoSuchMethodError'{0x000000008b5cbbc0}: java.lang.invoke.DirectMethodHandle$Holder.invokeStatic(Ljava/lang/Object;Ljava/lang/Object;Ljava/lang/Object;Ljava/lang/Object;Ljava/lang/Object;Ljava/lang/Object;Ljava/lang/Object;Ljava/lan

Events (10 events):
Event: 0.770 loading class org/springframework/format/datetime/DateFormatterRegistrar$DateToLongConverter done
Event: 0.771 loading class org/springframework/format/datetime/DateFormatterRegistrar$DateToCalendarConverter
Event: 0.771 loading class org/springframework/format/datetime/DateFormatterRegistrar$DateToCalendarConverter done
Event: 0.771 loading class org/springframework/format/datetime/DateFormatterRegistrar$CalendarToDateConverter
Event: 0.771 loading class org/springframework/format/datetime/DateFormatterRegistrar$CalendarToDateConverter done
Event: 0.772 loading class org/springframework/format/datetime/DateFormatterRegistrar$CalendarToLongConverter
Event: 0.772 loading class org/springframework/format/datetime/DateFormatterRegistrar$CalendarToLongConverter done
Event: 0.772 loading class org/springframework/format/datetime/DateFormatterRegistrar$LongToDateConverter
Event: 0.772 loading class org/springframework/format/datetime/DateFormatterRegistrar$LongToDateConverter done
Event: 0.772 Executing VM operation: G1CollectForAllocation


Dynamic libraries:
00400000-00401000 r-xp 00000000 08:12 6293893                            /usr/lib/jvm/java-11-oracle/bin/java
00600000-00601000 r--p 00000000 08:12 6293893                            /usr/lib/jvm/java-11-oracle/bin/java
00601000-00602000 rw-p 00001000 08:12 6293893                            /usr/lib/jvm/java-11-oracle/bin/java
01308000-01329000 rw-p 00000000 00:00 0                                  [heap]
84e00000-8ca00000 rw-p 00000000 00:00 0 
8ca00000-100000000 ---p 00000000 00:00 0 
100000000-100160000 rw-p 00000000 00:00 0 
100160000-140000000 ---p 00000000 00:00 0 
7fb994000000-7fb994021000 rw-p 00000000 00:00 0 
7fb994021000-7fb998000000 ---p 00000000 00:00 0 
7fb998000000-7fb998021000 rw-p 00000000 00:00 0 
7fb998021000-7fb99c000000 ---p 00000000 00:00 0 
7fb99c000000-7fb99c021000 rw-p 00000000 00:00 0 
7fb99c021000-7fb9a0000000 ---p 00000000 00:00 0 
7fb9a0000000-7fb9a0021000 rw-p 00000000 00:00 0 
7fb9a0021000-7fb9a4000000 ---p 00000000 00:00 0 
7fb9a4000000-7fb9a404b000 rw-p 00000000 00:00 0 
7fb9a404b000-7fb9a8000000 ---p 00000000 00:00 0 
7fb9a8000000-7fb9a8021000 rw-p 00000000 00:00 0 
7fb9a8021000-7fb9ac000000 ---p 00000000 00:00 0 
7fb9ac000000-7fb9ac021000 rw-p 00000000 00:00 0 
7fb9ac021000-7fb9b0000000 ---p 00000000 00:00 0 
7fb9b0000000-7fb9b004f000 rw-p 00000000 00:00 0 
7fb9b004f000-7fb9b4000000 ---p 00000000 00:00 0 
7fb9b4000000-7fb9b4107000 rw-p 00000000 00:00 0 
7fb9b4107000-7fb9b8000000 ---p 00000000 00:00 0 
7fb9b8000000-7fb9b8021000 rw-p 00000000 00:00 0 
7fb9b8021000-7fb9bc000000 ---p 00000000 00:00 0 
7fb9bf0e3000-7fb9bf0e4000 ---p 00000000 00:00 0 
7fb9bf0e4000-7fb9bf1e5000 rw-p 00000000 00:00 0 
7fb9bf1e5000-7fb9bf1e6000 ---p 00000000 00:00 0 
7fb9bf1e6000-7fb9bf2e7000 rw-p 00000000 00:00 0 
7fb9bf2e7000-7fb9bf2e8000 ---p 00000000 00:00 0 
7fb9bf2e8000-7fb9bf3e9000 rw-p 00000000 00:00 0 
7fb9bf3e9000-7fb9bf3ea000 ---p 00000000 00:00 0 
7fb9bf3ea000-7fb9bf4eb000 rw-p 00000000 00:00 0 
7fb9bf4eb000-7fb9bf4ec000 ---p 00000000 00:00 0 
7fb9bf4ec000-7fb9bf5ed000 rw-p 00000000 00:00 0 
7fb9bf5ed000-7fb9bf5f1000 ---p 00000000 00:00 0 
7fb9bf5f1000-7fb9bf82e000 rw-p 00000000 00:00 0 
7fb9bf82e000-7fb9bf8ee000 ---p 00000000 00:00 0 
7fb9bf8ee000-7fb9bf8f2000 ---p 00000000 00:00 0 
7fb9bf8f2000-7fb9bf9ef000 rw-p 00000000 00:00 0 
7fb9bf9ef000-7fb9bf9f3000 ---p 00000000 00:00 0 
7fb9bf9f3000-7fb9bfaf0000 rw-p 00000000 00:00 0 
7fb9bfaf0000-7fb9bfaf5000 r-xp 00000000 08:12 6300819                    /usr/lib/jvm/java-11-oracle/lib/libmanagement_ext.so
7fb9bfaf5000-7fb9bfcf4000 ---p 00005000 08:12 6300819                    /usr/lib/jvm/java-11-oracle/lib/libmanagement_ext.so
7fb9bfcf4000-7fb9bfcf5000 r--p 00004000 08:12 6300819                    /usr/lib/jvm/java-11-oracle/lib/libmanagement_ext.so
7fb9bfcf5000-7fb9bfcf6000 rw-p 00005000 08:12 6300819                    /usr/lib/jvm/java-11-oracle/lib/libmanagement_ext.so
7fb9bfcf8000-7fb9bfcfc000 r-xp 00000000 08:12 6300817                    /usr/lib/jvm/java-11-oracle/lib/libmanagement.so
7fb9bfcfc000-7fb9bfefb000 ---p 00004000 08:12 6300817                    /usr/lib/jvm/java-11-oracle/lib/libmanagement.so
7fb9bfefb000-7fb9bfefc000 r--p 00003000 08:12 6300817                    /usr/lib/jvm/java-11-oracle/lib/libmanagement.so
7fb9bfefc000-7fb9bfefd000 rw-p 00004000 08:12 6300817                    /usr/lib/jvm/java-11-oracle/lib/libmanagement.so
7fb9bfeff000-7fb9bff03000 ---p 00000000 00:00 0 
7fb9bff03000-7fb9c0000000 rw-p 00000000 00:00 0 
7fb9c0000000-7fb9c0021000 rw-p 00000000 00:00 0 
7fb9c0021000-7fb9c4000000 ---p 00000000 00:00 0 
7fb9c4000000-7fb9c4021000 rw-p 00000000 00:00 0 
7fb9c4021000-7fb9c8000000 ---p 00000000 00:00 0 
7fb9c8000000-7fb9c839d000 rw-p 00000000 00:00 0 
7fb9c839d000-7fb9cc000000 ---p 00000000 00:00 0 
7fb9cc000000-7fb9cc021000 rw-p 00000000 00:00 0 
7fb9cc021000-7fb9d0000000 ---p 00000000 00:00 0 
7fb9d0000000-7fb9d0021000 rw-p 00000000 00:00 0 
7fb9d0021000-7fb9d4000000 ---p 00000000 00:00 0 
7fb9d4000000-7fb9d43fc000 rw-p 00000000 00:00 0 
7fb9d43fc000-7fb9d8000000 ---p 00000000 00:00 0 
7fb9d8000000-7fb9d8021000 rw-p 00000000 00:00 0 
7fb9d8021000-7fb9dc000000 ---p 00000000 00:00 0 
7fb9dc000000-7fb9dc021000 rw-p 00000000 00:00 0 
7fb9dc021000-7fb9e0000000 ---p 00000000 00:00 0 
7fb9e0000000-7fb9e0021000 rw-p 00000000 00:00 0 
7fb9e0021000-7fb9e4000000 ---p 00000000 00:00 0 
7fb9e4000000-7fb9e4021000 rw-p 00000000 00:00 0 
7fb9e4021000-7fb9e8000000 ---p 00000000 00:00 0 
7fb9e8000000-7fb9e8021000 rw-p 00000000 00:00 0 
7fb9e8021000-7fb9ec000000 ---p 00000000 00:00 0 
7fb9ec000000-7fb9ec021000 rw-p 00000000 00:00 0 
7fb9ec021000-7fb9f0000000 ---p 00000000 00:00 0 
7fb9f0058000-7fb9f0258000 rw-p 00000000 00:00 0 
7fb9f0258000-7fb9f026e000 r-xp 00000000 08:12 6300821                    /usr/lib/jvm/java-11-oracle/lib/libnet.so
7fb9f026e000-7fb9f046e000 ---p 00016000 08:12 6300821                    /usr/lib/jvm/java-11-oracle/lib/libnet.so
7fb9f046e000-7fb9f046f000 r--p 00016000 08:12 6300821                    /usr/lib/jvm/java-11-oracle/lib/libnet.so
7fb9f046f000-7fb9f0470000 rw-p 00017000 08:12 6300821                    /usr/lib/jvm/java-11-oracle/lib/libnet.so
7fb9f0470000-7fb9f0480000 r-xp 00000000 08:12 6300822                    /usr/lib/jvm/java-11-oracle/lib/libnio.so
7fb9f0480000-7fb9f067f000 ---p 00010000 08:12 6300822                    /usr/lib/jvm/java-11-oracle/lib/libnio.so
7fb9f067f000-7fb9f0680000 r--p 0000f000 08:12 6300822                    /usr/lib/jvm/java-11-oracle/lib/libnio.so
7fb9f0680000-7fb9f0681000 rw-p 00010000 08:12 6300822                    /usr/lib/jvm/java-11-oracle/lib/libnio.so
7fb9f0688000-7fb9f068c000 ---p 00000000 00:00 0 
7fb9f068c000-7fb9f0789000 rw-p 00000000 00:00 0 
7fb9f0789000-7fb9f078a000 ---p 00000000 00:00 0 
7fb9f078a000-7fb9f088b000 rw-p 00000000 00:00 0 
7fb9f088b000-7fb9f088f000 ---p 00000000 00:00 0 
7fb9f088f000-7fb9f098c000 rw-p 00000000 00:00 0 
7fb9f098c000-7fb9f0990000 ---p 00000000 00:00 0 
7fb9f0990000-7fb9f0a8d000 rw-p 00000000 00:00 0 
7fb9f0a8d000-7fb9f0a91000 ---p 00000000 00:00 0 
7fb9f0a91000-7fb9f0b8e000 rw-p 00000000 00:00 0 
7fb9f0b8e000-7fb9f0b92000 ---p 00000000 00:00 0 
7fb9f0b92000-7fb9f0c8f000 rw-p 00000000 00:00 0 
7fb9f0c8f000-7fb9f0c93000 ---p 00000000 00:00 0 
7fb9f0c93000-7fb9f0d90000 rw-p 00000000 00:00 0 
7fb9f0d90000-7fb9f106e000 r--p 00000000 08:12 6297526                    /usr/lib/locale/locale-archive
7fb9f1075000-7fb9f1079000 ---p 00000000 00:00 0 
7fb9f1079000-7fb9f1176000 rw-p 00000000 00:00 0 
7fb9f1176000-7fb9f117a000 ---p 00000000 00:00 0 
7fb9f117a000-7fb9f1277000 rw-p 00000000 00:00 0 
7fb9f1277000-7fb9f1278000 ---p 00000000 00:00 0 
7fb9f1278000-7fb9f1bfa000 rw-p 00000000 00:00 0 
7fb9f1bfa000-7fb9f1bfb000 ---p 00000000 00:00 0 
7fb9f1bfb000-7fb9f1cfc000 rw-p 00000000 00:00 0 
7fb9f1cfc000-7fb9f1cfd000 ---p 00000000 00:00 0 
7fb9f1cfd000-7fb9f4000000 rw-p 00000000 00:00 0 
7fb9f4000000-7fb9f4021000 rw-p 00000000 00:00 0 
7fb9f4021000-7fb9f8000000 ---p 00000000 00:00 0 
7fb9f806e000-7fb9f8460000 rw-p 00000000 00:00 0 
7fb9f8460000-7fb9fa138000 ---p 00000000 00:00 0 
7fb9fa138000-7fb9fa328000 rw-p 00000000 00:00 0 
7fb9fa328000-7fb9fc000000 ---p 00000000 00:00 0 
7fb9fc000000-7fb9fc021000 rw-p 00000000 00:00 0 
7fb9fc021000-7fba00000000 ---p 00000000 00:00 0 
7fba00037000-7fba0026a000 rw-p 00000000 00:00 0 
7fba0026a000-7fba0026b000 ---p 00000000 00:00 0 
7fba0026b000-7fba0036c000 rw-p 00000000 00:00 0 
7fba0036c000-7fba0036d000 ---p 00000000 00:00 0 
7fba0036d000-7fba004ac000 rw-p 00000000 00:00 0 
7fba004ac000-7fba00847000 ---p 00000000 00:00 0 
7fba00847000-7fba00885000 rw-p 00000000 00:00 0 
7fba00885000-7fba00c20000 ---p 00000000 00:00 0 
7fba00c20000-7fba00e90000 rwxp 00000000 00:00 0 
7fba00e90000-7fba011b0000 ---p 00000000 00:00 0 
7fba011b0000-7fba01420000 rwxp 00000000 00:00 0 
7fba01420000-7fba086e8000 ---p 00000000 00:00 0 
7fba086e8000-7fba08958000 rwxp 00000000 00:00 0 
7fba08958000-7fba0fc20000 ---p 00000000 00:00 0 
7fba0fc20000-7fba18000000 r--s 00000000 08:12 6300832                    /usr/lib/jvm/java-11-oracle/lib/modules
7fba18000000-7fba186f3000 rw-p 00000000 00:00 0 
7fba186f3000-7fba1c000000 ---p 00000000 00:00 0 
7fba1c01e000-7fba1c0df000 rw-p 00000000 00:00 0 
7fba1c0df000-7fba1c47a000 ---p 00000000 00:00 0 
7fba1c47a000-7fba1ca80000 rw-p 00000000 00:00 0 
7fba1ca80000-7fba1ca81000 ---p 00000000 00:00 0 
7fba1ca81000-7fba1cb87000 rw-p 00000000 00:00 0 
7fba1cb87000-7fba1cc6d000 ---p 00000000 00:00 0 
7fba1cc6d000-7fba1cc72000 rw-p 00000000 00:00 0 
7fba1cc72000-7fba1cd58000 ---p 00000000 00:00 0 
7fba1cd58000-7fba1cd73000 r-xp 00000000 08:12 6300813                    /usr/lib/jvm/java-11-oracle/lib/libjimage.so
7fba1cd73000-7fba1cf72000 ---p 0001b000 08:12 6300813                    /usr/lib/jvm/java-11-oracle/lib/libjimage.so
7fba1cf72000-7fba1cf74000 r--p 0001a000 08:12 6300813                    /usr/lib/jvm/java-11-oracle/lib/libjimage.so
7fba1cf74000-7fba1cf75000 rw-p 0001c000 08:12 6300813                    /usr/lib/jvm/java-11-oracle/lib/libjimage.so
7fba1cf78000-7fba1cf7f000 r-xp 00000000 08:12 6300831                    /usr/lib/jvm/java-11-oracle/lib/libzip.so
7fba1cf7f000-7fba1d17e000 ---p 00007000 08:12 6300831                    /usr/lib/jvm/java-11-oracle/lib/libzip.so
7fba1d17e000-7fba1d17f000 r--p 00006000 08:12 6300831                    /usr/lib/jvm/java-11-oracle/lib/libzip.so
7fba1d17f000-7fba1d180000 rw-p 00007000 08:12 6300831                    /usr/lib/jvm/java-11-oracle/lib/libzip.so
7fba1d180000-7fba1d18b000 r-xp 00000000 08:12 2364113                    /lib/x86_64-linux-gnu/libnss_files-2.27.so
7fba1d18b000-7fba1d38a000 ---p 0000b000 08:12 2364113                    /lib/x86_64-linux-gnu/libnss_files-2.27.so
7fba1d38a000-7fba1d38b000 r--p 0000a000 08:12 2364113                    /lib/x86_64-linux-gnu/libnss_files-2.27.so
7fba1d38b000-7fba1d38c000 rw-p 0000b000 08:12 2364113                    /lib/x86_64-linux-gnu/libnss_files-2.27.so
7fba1d38c000-7fba1d392000 rw-p 00000000 00:00 0 
7fba1d398000-7fba1d3af000 r-xp 00000000 08:12 2364107                    /lib/x86_64-linux-gnu/libnsl-2.27.so
7fba1d3af000-7fba1d5ae000 ---p 00017000 08:12 2364107                    /lib/x86_64-linux-gnu/libnsl-2.27.so
7fba1d5ae000-7fba1d5af000 r--p 00016000 08:12 2364107                    /lib/x86_64-linux-gnu/libnsl-2.27.so
7fba1d5af000-7fba1d5b0000 rw-p 00017000 08:12 2364107                    /lib/x86_64-linux-gnu/libnsl-2.27.so
7fba1d5b0000-7fba1d5b2000 rw-p 00000000 00:00 0 
7fba1d5b8000-7fba1d5c3000 r-xp 00000000 08:12 2364124                    /lib/x86_64-linux-gnu/libnss_nis-2.27.so
7fba1d5c3000-7fba1d7c2000 ---p 0000b000 08:12 2364124                    /lib/x86_64-linux-gnu/libnss_nis-2.27.so
7fba1d7c2000-7fba1d7c3000 r--p 0000a000 08:12 2364124                    /lib/x86_64-linux-gnu/libnss_nis-2.27.so
7fba1d7c3000-7fba1d7c4000 rw-p 0000b000 08:12 2364124                    /lib/x86_64-linux-gnu/libnss_nis-2.27.so
7fba1d7c8000-7fba1d7d0000 r-xp 00000000 08:12 2364109                    /lib/x86_64-linux-gnu/libnss_compat-2.27.so
7fba1d7d0000-7fba1d9d0000 ---p 00008000 08:12 2364109                    /lib/x86_64-linux-gnu/libnss_compat-2.27.so
7fba1d9d0000-7fba1d9d1000 r--p 00008000 08:12 2364109                    /lib/x86_64-linux-gnu/libnss_compat-2.27.so
7fba1d9d1000-7fba1d9d2000 rw-p 00009000 08:12 2364109                    /lib/x86_64-linux-gnu/libnss_compat-2.27.so
7fba1d9d8000-7fba1da01000 r-xp 00000000 08:12 6300809                    /usr/lib/jvm/java-11-oracle/lib/libjava.so
7fba1da01000-7fba1dc01000 ---p 00029000 08:12 6300809                    /usr/lib/jvm/java-11-oracle/lib/libjava.so
7fba1dc01000-7fba1dc02000 r--p 00029000 08:12 6300809                    /usr/lib/jvm/java-11-oracle/lib/libjava.so
7fba1dc02000-7fba1dc04000 rw-p 0002a000 08:12 6300809                    /usr/lib/jvm/java-11-oracle/lib/libjava.so
7fba1dc08000-7fba1dc15000 r-xp 00000000 08:12 6300830                    /usr/lib/jvm/java-11-oracle/lib/libverify.so
7fba1dc15000-7fba1de14000 ---p 0000d000 08:12 6300830                    /usr/lib/jvm/java-11-oracle/lib/libverify.so
7fba1de14000-7fba1de16000 r--p 0000c000 08:12 6300830                    /usr/lib/jvm/java-11-oracle/lib/libverify.so
7fba1de16000-7fba1de17000 rw-p 0000e000 08:12 6300830                    /usr/lib/jvm/java-11-oracle/lib/libverify.so
7fba1de18000-7fba1de1f000 r-xp 00000000 08:12 2364164                    /lib/x86_64-linux-gnu/librt-2.27.so
7fba1de1f000-7fba1e01e000 ---p 00007000 08:12 2364164                    /lib/x86_64-linux-gnu/librt-2.27.so
7fba1e01e000-7fba1e01f000 r--p 00006000 08:12 2364164                    /lib/x86_64-linux-gnu/librt-2.27.so
7fba1e01f000-7fba1e020000 rw-p 00007000 08:12 2364164                    /lib/x86_64-linux-gnu/librt-2.27.so
7fba1e020000-7fba1e1bd000 r-xp 00000000 08:12 2364086                    /lib/x86_64-linux-gnu/libm-2.27.so
7fba1e1bd000-7fba1e3bc000 ---p 0019d000 08:12 2364086                    /lib/x86_64-linux-gnu/libm-2.27.so
7fba1e3bc000-7fba1e3bd000 r--p 0019c000 08:12 2364086                    /lib/x86_64-linux-gnu/libm-2.27.so
7fba1e3bd000-7fba1e3be000 rw-p 0019d000 08:12 2364086                    /lib/x86_64-linux-gnu/libm-2.27.so
7fba1e3c0000-7fba1f500000 r-xp 00000000 08:12 6300843                    /usr/lib/jvm/java-11-oracle/lib/server/libjvm.so
7fba1f500000-7fba1f6ff000 ---p 01140000 08:12 6300843                    /usr/lib/jvm/java-11-oracle/lib/server/libjvm.so
7fba1f6ff000-7fba1f7be000 r--p 0113f000 08:12 6300843                    /usr/lib/jvm/java-11-oracle/lib/server/libjvm.so
7fba1f7be000-7fba1f7f7000 rw-p 011fe000 08:12 6300843                    /usr/lib/jvm/java-11-oracle/lib/server/libjvm.so
7fba1f7f7000-7fba1f84e000 rw-p 00000000 00:00 0 
7fba1f850000-7fba1fa37000 r-xp 00000000 08:12 2364023                    /lib/x86_64-linux-gnu/libc-2.27.so
7fba1fa37000-7fba1fc37000 ---p 001e7000 08:12 2364023                    /lib/x86_64-linux-gnu/libc-2.27.so
7fba1fc37000-7fba1fc3b000 r--p 001e7000 08:12 2364023                    /lib/x86_64-linux-gnu/libc-2.27.so
7fba1fc3b000-7fba1fc3d000 rw-p 001eb000 08:12 2364023                    /lib/x86_64-linux-gnu/libc-2.27.so
7fba1fc3d000-7fba1fc41000 rw-p 00000000 00:00 0 
7fba1fc48000-7fba1fc4b000 r-xp 00000000 08:12 2364046                    /lib/x86_64-linux-gnu/libdl-2.27.so
7fba1fc4b000-7fba1fe4a000 ---p 00003000 08:12 2364046                    /lib/x86_64-linux-gnu/libdl-2.27.so
7fba1fe4a000-7fba1fe4b000 r--p 00002000 08:12 2364046                    /lib/x86_64-linux-gnu/libdl-2.27.so
7fba1fe4b000-7fba1fe4c000 rw-p 00003000 08:12 2364046                    /lib/x86_64-linux-gnu/libdl-2.27.so
7fba1fe50000-7fba1fe60000 r-xp 00000000 08:12 6300794                    /usr/lib/jvm/java-11-oracle/lib/jli/libjli.so
7fba1fe60000-7fba2005f000 ---p 00010000 08:12 6300794                    /usr/lib/jvm/java-11-oracle/lib/jli/libjli.so
7fba2005f000-7fba20060000 r--p 0000f000 08:12 6300794                    /usr/lib/jvm/java-11-oracle/lib/jli/libjli.so
7fba20060000-7fba20061000 rw-p 00010000 08:12 6300794                    /usr/lib/jvm/java-11-oracle/lib/jli/libjli.so
7fba20068000-7fba20082000 r-xp 00000000 08:12 2364156                    /lib/x86_64-linux-gnu/libpthread-2.27.so
7fba20082000-7fba20281000 ---p 0001a000 08:12 2364156                    /lib/x86_64-linux-gnu/libpthread-2.27.so
7fba20281000-7fba20282000 r--p 00019000 08:12 2364156                    /lib/x86_64-linux-gnu/libpthread-2.27.so
7fba20282000-7fba20283000 rw-p 0001a000 08:12 2364156                    /lib/x86_64-linux-gnu/libpthread-2.27.so
7fba20283000-7fba20287000 rw-p 00000000 00:00 0 
7fba20288000-7fba202a4000 r-xp 00000000 08:12 2364197                    /lib/x86_64-linux-gnu/libz.so.1.2.11
7fba202a4000-7fba204a3000 ---p 0001c000 08:12 2364197                    /lib/x86_64-linux-gnu/libz.so.1.2.11
7fba204a3000-7fba204a4000 r--p 0001b000 08:12 2364197                    /lib/x86_64-linux-gnu/libz.so.1.2.11
7fba204a4000-7fba204a5000 rw-p 0001c000 08:12 2364197                    /lib/x86_64-linux-gnu/libz.so.1.2.11
7fba204a8000-7fba204cf000 r-xp 00000000 08:12 2363995                    /lib/x86_64-linux-gnu/ld-2.27.so
7fba204e7000-7fba205ae000 rw-p 00000000 00:00 0 
7fba205ae000-7fba205b5000 ---p 00000000 00:00 0 
7fba205b5000-7fba205b9000 ---p 00000000 00:00 0 
7fba205b9000-7fba206b8000 rw-p 00000000 00:00 0 
7fba206c0000-7fba206c8000 rw-s 00000000 08:12 8658305                    /tmp/hsperfdata_orios/8407
7fba206cd000-7fba206ce000 ---p 00000000 00:00 0 
7fba206ce000-7fba206cf000 r--p 00000000 00:00 0 
7fba206cf000-7fba206d0000 r--p 00027000 08:12 2363995                    /lib/x86_64-linux-gnu/ld-2.27.so
7fba206d0000-7fba206d1000 rw-p 00028000 08:12 2363995                    /lib/x86_64-linux-gnu/ld-2.27.so
7fba206d1000-7fba206d2000 rw-p 00000000 00:00 0 
7fba206d3000-7fba206d5000 rw-p 00000000 00:00 0 
7fff7d776000-7fff7d798000 rw-p 00000000 00:00 0                          [stack]
7fff7d7a8000-7fff7d7ab000 r--p 00000000 00:00 0                          [vvar]
7fff7d7ab000-7fff7d7ad000 r-xp 00000000 00:00 0                          [vdso]
ffffffffff600000-ffffffffff601000 r-xp 00000000 00:00 0                  [vsyscall]


VM Arguments:
jvm_args: -Dfile.encoding=UTF-8 
java_command: com.rios.tacocloud.TacoCloudApplication
java_class_path (initial): /home/orios/eclipse-workspace/taco-cloud/target/classes:/home/orios/.m2/repository/org/springframework/boot/spring-boot-starter-thymeleaf/2.1.8.RELEASE/spring-boot-starter-thymeleaf-2.1.8.RELEASE.jar:/home/orios/.m2/repository/org/springframework/boot/spring-boot-starter/2.1.8.RELEASE/spring-boot-starter-2.1.8.RELEASE.jar:/home/orios/.m2/repository/org/springframework/boot/spring-boot-starter-logging/2.1.8.RELEASE/spring-boot-starter-logging-2.1.8.RELEASE.jar:/home/orios/.m2/repository/ch/qos/logback/logback-classic/1.2.3/logback-classic-1.2.3.jar:/home/orios/.m2/repository/ch/qos/logback/logback-core/1.2.3/logback-core-1.2.3.jar:/home/orios/.m2/repository/org/apache/logging/log4j/log4j-to-slf4j/2.11.2/log4j-to-slf4j-2.11.2.jar:/home/orios/.m2/repository/org/apache/logging/log4j/log4j-api/2.11.2/log4j-api-2.11.2.jar:/home/orios/.m2/repository/org/slf4j/jul-to-slf4j/1.7.28/jul-to-slf4j-1.7.28.jar:/home/orios/.m2/repository/javax/annotation/javax.annotation-api/1.3.2/javax.annotation-api-1.3.2.jar:/home/orios/.m2/repository/org/yaml/snakeyaml/1.23/snakeyaml-1.23.jar:/home/orios/.m2/repository/org/thymeleaf/thymeleaf-spring5/3.0.11.RELEASE/thymeleaf-spring5-3.0.11.RELEASE.jar:/home/orios/.m2/repository/org/thymeleaf/thymeleaf/3.0.11.RELEASE/thymeleaf-3.0.11.RELEASE.jar:/home/orios/.m2/repository/org/attoparser/attoparser/2.0.5.RELEASE/attoparser-2.0.5.RELEASE.jar:/home/orios/.m2/repository/org/unbescape/unbescape/1.1.6.RELEASE/unbescape-1.1.6.RELEASE.jar:/home/orios/.m2/repository/org/slf4j/slf4j-api/1.7.28/slf4j-api-1.7.28.jar:/home/orios/.m2/repository/org/thymeleaf/extras/thymeleaf-extras-java8time/3.0.4.RELEASE/thymeleaf-extras-java8time-3.0.4.RELEASE.jar:/home/orios/.m2/repository/org/springframework/boot/spring-boot-starter-web/2.1.8.RELEASE/spring-boot-starter-web-2.1.8.RELEASE.jar:/home/orios/.m2/repository/org/springframework/boot/spring-boot-starter-json/2.1.8.RELEASE/spring-boot-starter-json-2.1.8.RELEASE.jar:/home/orios/.m2/repo
Launcher Type: SUN_STANDARD

[Global flags]
     intx CICompilerCount                          = 3                                         {product} {ergonomic}
     uint ConcGCThreads                            = 2                                         {product} {ergonomic}
     uint G1ConcRefinementThreads                  = 6                                         {product} {ergonomic}
   size_t G1HeapRegionSize                         = 1048576                                   {product} {ergonomic}
    uintx GCDrainStackTargetSize                   = 64                                        {product} {ergonomic}
   size_t InitialHeapSize                          = 130023424                                 {product} {ergonomic}
   size_t MarkStackSize                            = 4194304                                   {product} {ergonomic}
   size_t MaxHeapSize                              = 2065694720                                {product} {ergonomic}
   size_t MaxNewSize                               = 1239416832                                {product} {ergonomic}
   size_t MinHeapDeltaBytes                        = 1048576                                   {product} {ergonomic}
    uintx NonNMethodCodeHeapSize                   = 5830092                                {pd product} {ergonomic}
    uintx NonProfiledCodeHeapSize                  = 122914074                              {pd product} {ergonomic}
    uintx ProfiledCodeHeapSize                     = 122914074                              {pd product} {ergonomic}
    uintx ReservedCodeCacheSize                    = 251658240                              {pd product} {ergonomic}
     bool SegmentedCodeCache                       = true                                      {product} {ergonomic}
     bool UseCompressedClassPointers               = true                                 {lp64_product} {ergonomic}
     bool UseCompressedOops                        = true                                 {lp64_product} {ergonomic}
     bool UseG1GC                                  = true                                      {product} {ergonomic}

Logging:
Log output configuration:
 #0: stdout all=warning uptime,level,tags
 #1: stderr all=off uptime,level,tags

Environment Variables:
JAVA_HOME=/usr/lib/jvm/java-11-oracle
PATH=/usr/local/sbin:/usr/local/bin:/usr/sbin:/usr/bin:/sbin:/bin:/usr/games:/usr/local/games:/usr/lib/jvm/java-11-oracle/bin:/usr/lib/jvm/java-11-oracle/db/bin
SHELL=/bin/bash
DISPLAY=:0

Signal Handlers:
SIGSEGV: [libjvm.so+0xe2b860], sa_mask[0]=11111111011111111101111111111110, sa_flags=SA_RESTART|SA_SIGINFO
SIGBUS: [libjvm.so+0xe2b860], sa_mask[0]=11111111011111111101111111111110, sa_flags=SA_RESTART|SA_SIGINFO
SIGFPE: [libjvm.so+0xe2b860], sa_mask[0]=11111111011111111101111111111110, sa_flags=SA_RESTART|SA_SIGINFO
SIGPIPE: [libjvm.so+0xbffef0], sa_mask[0]=11111111011111111101111111111110, sa_flags=SA_RESTART|SA_SIGINFO
SIGXFSZ: [libjvm.so+0xbffef0], sa_mask[0]=11111111011111111101111111111110, sa_flags=SA_RESTART|SA_SIGINFO
SIGILL: [libjvm.so+0xe2b860], sa_mask[0]=11111111011111111101111111111110, sa_flags=SA_RESTART|SA_SIGINFO
SIGUSR2: [libjvm.so+0xbffd90], sa_mask[0]=00100000000000000000000000000000, sa_flags=SA_RESTART|SA_SIGINFO
SIGHUP: [libjvm.so+0xc000f0], sa_mask[0]=11111111011111111101111111111110, sa_flags=SA_RESTART|SA_SIGINFO
SIGINT: [libjvm.so+0xc000f0], sa_mask[0]=11111111011111111101111111111110, sa_flags=SA_RESTART|SA_SIGINFO
SIGTERM: [libjvm.so+0xc000f0], sa_mask[0]=11111111011111111101111111111110, sa_flags=SA_RESTART|SA_SIGINFO
SIGQUIT: [libjvm.so+0xc000f0], sa_mask[0]=11111111011111111101111111111110, sa_flags=SA_RESTART|SA_SIGINFO


---------------  S Y S T E M  ---------------

OS:DISTRIB_ID=LinuxMint
DISTRIB_RELEASE=19.1
DISTRIB_CODENAME=tessa
DISTRIB_DESCRIPTION="Linux Mint 19.1 Tessa"
uname:Linux 4.15.0-20-generic #21-Ubuntu SMP Tue Apr 24 06:16:15 UTC 2018 x86_64
libc:glibc 2.27 NPTL 2.27 
rlimit: STACK 8192k, CORE 0k, NPROC 30177, NOFILE 1048576, AS infinity, DATA infinity, FSIZE infinity
load average:0.99 1.32 1.29

/proc/meminfo:
MemTotal:        8066708 kB
MemFree:         2184576 kB
MemAvailable:    3934396 kB
Buffers:          215468 kB
Cached:          1861924 kB
SwapCached:            0 kB
Active:          4343528 kB
Inactive:        1179860 kB
Active(anon):    3509360 kB
Inactive(anon):   119840 kB
Active(file):     834168 kB
Inactive(file):  1060020 kB
Unevictable:          96 kB
Mlocked:              96 kB
SwapTotal:       2097148 kB
SwapFree:        2097148 kB
Dirty:               416 kB
Writeback:             0 kB
AnonPages:       3446268 kB
Mapped:           740596 kB
Shmem:            183208 kB
Slab:             199360 kB
SReclaimable:     149788 kB
SUnreclaim:        49572 kB
KernelStack:       12424 kB
PageTables:        65376 kB
NFS_Unstable:          0 kB
Bounce:                0 kB
WritebackTmp:          0 kB
CommitLimit:     6130500 kB
Committed_AS:    9104060 kB
VmallocTotal:   34359738367 kB
VmallocUsed:           0 kB
VmallocChunk:          0 kB
HardwareCorrupted:     0 kB
AnonHugePages:         0 kB
ShmemHugePages:        0 kB
ShmemPmdMapped:        0 kB
CmaTotal:              0 kB
CmaFree:               0 kB
HugePages_Total:       0
HugePages_Free:        0
HugePages_Rsvd:        0
HugePages_Surp:        0
Hugepagesize:       2048 kB
DirectMap4k:      250608 kB
DirectMap2M:     6987776 kB
DirectMap1G:     2097152 kB


/proc/sys/kernel/threads-max (system-wide limit on the number of threads):
60354


/proc/sys/vm/max_map_count (maximum number of memory map areas a process may have):
65530


/proc/sys/kernel/pid_max (system-wide limit on number of process identifiers):
32768



container (cgroup) information:
container_type: cgroupv1
cpu_cpuset_cpus: 0-5
cpu_memory_nodes: 0
active_processor_count: 6
cpu_quota: -1
cpu_period: 100000
cpu_shares: -1
memory_limit_in_bytes: -1
memory_and_swap_limit_in_bytes: -2
memory_soft_limit_in_bytes: -1
memory_usage_in_bytes: 5656809472
memory_max_usage_in_bytes: 0


CPU:total 6 (initial active 6) (6 cores per cpu, 1 threads per core) family 21 model 2 stepping 0, cmov, cx8, fxsr, mmx, sse, sse2, sse3, ssse3, sse4.1, sse4.2, popcnt, avx, aes, clmul, mmxext, 3dnowpref, lzcnt, sse4a, tsc, tscinvbit, tscinv, bmi1, fma
CPU Model and flags from /proc/cpuinfo:
model name	: AMD FX(tm)-6300 Six-Core Processor
flags		: fpu vme de pse tsc msr pae mce cx8 apic sep mtrr pge mca cmov pat pse36 clflush mmx fxsr sse sse2 ht syscall nx mmxext fxsr_opt pdpe1gb rdtscp lm constant_tsc rep_good nopl nonstop_tsc cpuid extd_apicid aperfmperf pni pclmulqdq monitor ssse3 fma cx16 sse4_1 sse4_2 popcnt aes xsave avx f16c lahf_lm cmp_legacy svm extapic cr8_legacy abm sse4a misalignsse 3dnowprefetch osvw ibs xop skinit wdt lwp fma4 tce nodeid_msr tbm topoext perfctr_core perfctr_nb cpb hw_pstate vmmcall bmi1 arat npt lbrv svm_lock nrip_save tsc_scale vmcb_clean flushbyasid decodeassists pausefilter pfthreshold

Memory: 4k page, physical 8066708k(2184576k free), swap 2097148k(2097148k free)

vm_info: Java HotSpot(TM) 64-Bit Server VM (11.0.4+10-LTS) for linux-amd64 JRE (11.0.4+10-LTS), built on Jul  4 2019 15:26:10 by "mach5one" with gcc 7.3.0

END.
