#
# A fatal error has been detected by the Java Runtime Environment:
#
#  SIGSEGV (0xb) at pc=0x00007fd49f431cd5, pid=8461, tid=8478
#
# JRE version: Java(TM) SE Runtime Environment (11.0.4+10) (build 11.0.4+10-LTS)
# Java VM: Java HotSpot(TM) 64-Bit Server VM (11.0.4+10-LTS, mixed mode, tiered, compressed oops, g1 gc, linux-amd64)
# Problematic frame:
# V  [libjvm.so+0x859cd5]  InstanceKlass::find_method_index(Array<Method*> const*, Symbol const*, Symbol const*, Klass::OverpassLookupMode, Klass::StaticLookupMode, Klass::PrivateLookupMode)+0x65
#
# Core dump will be written. Default location: Core dumps may be processed with "/usr/share/apport/apport %p %s %c %d %P" (or dumping to /home/orios/eclipse-workspace/taco-cloud/core.8461)
#
# If you would like to submit a bug report, please visit:
#   http://bugreport.java.com/bugreport/crash.jsp
#

---------------  S U M M A R Y ------------

Command Line: -Dfile.encoding=UTF-8 com.rios.tacocloud.TacoCloudApplication

Host: AMD FX(tm)-6300 Six-Core Processor, 6 cores, 7G, Linux Mint 19.1 Tessa
Time: Thu Oct 24 22:11:53 2019 PDT elapsed time: 0 seconds (0d 0h 0m 0s)

---------------  T H R E A D  ---------------

Current thread (0x00007fd498173000):  JavaThread "C1 CompilerThread0" daemon [_thread_in_vm, id=8478, stack(0x00007fd47131e000,0x00007fd47141f000)]


Current CompileTask:
C1:    706  928       3       java.lang.invoke.LambdaForm$Name::replaceNames (174 bytes)

Stack: [0x00007fd47131e000,0x00007fd47141f000],  sp=0x00007fd47141c980,  free space=1018k
Native frames: (J=compiled Java code, A=aot compiled Java code, j=interpreted, Vv=VM code, C=native code)
V  [libjvm.so+0x859cd5]  InstanceKlass::find_method_index(Array<Method*> const*, Symbol const*, Symbol const*, Klass::OverpassLookupMode, Klass::StaticLookupMode, Klass::PrivateLookupMode)+0x65
V  [libjvm.so+0x85a47f]  InstanceKlass::find_instance_method(Symbol const*, Symbol const*, Klass::PrivateLookupMode) const+0x1f
V  [libjvm.so+0x6bf712]  ClassHierarchyWalker::is_witness(Klass*)+0x42
V  [libjvm.so+0x6bcde0]  ClassHierarchyWalker::find_witness_anywhere(Klass*, bool, bool)+0x140
V  [libjvm.so+0x6bde5e]  Dependencies::find_unique_concrete_method(Klass*, Method*)+0x6e
V  [libjvm.so+0x58e228]  ciMethod::find_monomorphic_target(ciInstanceKlass*, ciInstanceKlass*, ciInstanceKlass*, bool)+0x2a8
V  [libjvm.so+0x4bb913]  GraphBuilder::invoke(Bytecodes::Code)+0xc43
V  [libjvm.so+0x4bd06f]  GraphBuilder::iterate_bytecodes_for_block(int)+0x110f
V  [libjvm.so+0x4bee7a]  GraphBuilder::iterate_all_blocks(bool)+0x17a
V  [libjvm.so+0x4c06c7]  GraphBuilder::GraphBuilder(Compilation*, IRScope*)+0x2d7
V  [libjvm.so+0x4c49ea]  IRScope::IRScope(Compilation*, IRScope*, int, ciMethod*, int, bool)+0x1ea
V  [libjvm.so+0x4c5616]  IR::IR(Compilation*, ciMethod*, int)+0xa6
V  [libjvm.so+0x4a63e6]  Compilation::build_hir() [clone .part.93]+0x166
V  [libjvm.so+0x4a6c33]  Compilation::compile_java_method()+0x3a3
V  [libjvm.so+0x4a6dcf]  Compilation::compile_method()+0x12f
V  [libjvm.so+0x4a722f]  Compilation::Compilation(AbstractCompiler*, ciEnv*, ciMethod*, int, BufferBlob*, DirectiveSet*)+0x22f
V  [libjvm.so+0x4a7b0e]  Compiler::compile_method(ciEnv*, ciMethod*, int, DirectiveSet*)+0xae
V  [libjvm.so+0x6469cc]  CompileBroker::invoke_compiler_on_method(CompileTask*)+0x4fc
V  [libjvm.so+0x648548]  CompileBroker::compiler_thread_loop()+0x598
V  [libjvm.so+0xdc558d]  JavaThread::thread_main_inner()+0x21d
V  [libjvm.so+0xdc5937]  JavaThread::run()+0x377
V  [libjvm.so+0xc0a090]  thread_native_entry(Thread*)+0xf0


siginfo: si_signo: 11 (SIGSEGV), si_code: 128 (SI_KERNEL), si_addr: 0x0000000000000000

Register to memory mapping:

RAX=0x0065727574616e67 is an unknown value
RBX=0x0 is NULL
RCX=0x0 is NULL
RDX=0x00007fd480296a50 points into unknown readable memory: 14 00 ff ff 30 dc 28 29
RSP=0x00007fd47141c980 is pointing into the stack for thread: 0x00007fd498173000
RBP=0x00007fd47141c9c8 is pointing into the stack for thread: 0x00007fd498173000
RSI=0x00007fd480294cc8 points into unknown readable memory: 05 00 ff ff 49 b6 63 6c
RDI=0x00007fd42fe7c400 is pointing into metadata
R8 =0x0000000000000001 is an unknown value
R9 =0x0000000000000001 is an unknown value
R10=0x0000000000000001 is an unknown value
R11=0x0 is NULL
R12=0x00007fd42fe7e528 is pointing into metadata
R13=0x0000000000006974 is an unknown value
R14=0x00007fd47141ce10 is pointing into the stack for thread: 0x00007fd498173000
R15=0x0000000000000002 is an unknown value


Registers:
RAX=0x0065727574616e67, RBX=0x0000000000000000, RCX=0x0000000000000000, RDX=0x00007fd480296a50
RSP=0x00007fd47141c980, RBP=0x00007fd47141c9c8, RSI=0x00007fd480294cc8, RDI=0x00007fd42fe7c400
R8 =0x0000000000000001, R9 =0x0000000000000001, R10=0x0000000000000001, R11=0x0000000000000000
R12=0x00007fd42fe7e528, R13=0x0000000000006974, R14=0x00007fd47141ce10, R15=0x0000000000000002
RIP=0x00007fd49f431cd5, EFLAGS=0x0000000000010257, CSGSFS=0x002b000000000033, ERR=0x0000000000000000
  TRAPNO=0x000000000000000d

Top of Stack: (sp=0x00007fd47141c980)
0x00007fd47141c980:   00007fd480294cc8 0000000100000010
0x00007fd47141c990:   0000000100000000 00017fd47141d701
0x00007fd47141c9a0:   00007fd42fe7c400 0000000100137138
0x00007fd47141c9b0:   0000000000000000 00007fd47141ce10 

Instructions: (pc=0x00007fd49f431cd5)
0x00007fd49f431cb5:   39 d3 7f 2e 43 8d 1c 13 d1 fb 48 63 c3 4c 8b 64
0x00007fd49f431cc5:   c7 08 49 8b 44 24 08 44 0f b7 68 2a 48 8b 40 08
0x00007fd49f431cd5:   4a 39 74 e8 40 72 d4 74 22 44 8d 53 ff 45 39 d3
0x00007fd49f431ce5:   7e d2 bb ff ff ff ff 48 83 c4 20 89 d8 5b 41 5c 

Stack slot to memory mapping:
stack at sp + 0 slots: 0x00007fd480294cc8 points into unknown readable memory: 05 00 ff ff 49 b6 63 6c
stack at sp + 1 slots: 0x0000000100000010 is pointing into metadata
stack at sp + 2 slots: 0x0000000100000000 is pointing into metadata
stack at sp + 3 slots: 0x00017fd47141d701 is an unknown value
stack at sp + 4 slots: 0x00007fd42fe7c400 is pointing into metadata
stack at sp + 5 slots: 0x0000000100137138 is a pointer to class: 
org.springframework.core.convert.support.CharacterToNumberFactory {0x0000000100137138}
stack at sp + 6 slots: 0x0 is NULL
stack at sp + 7 slots: 0x00007fd47141ce10 is pointing into the stack for thread: 0x00007fd498173000


---------------  P R O C E S S  ---------------

Threads class SMR info:
_java_thread_list=0x00007fd43403dfb0, length=13, elements={
0x00007fd498013000, 0x00007fd498158000, 0x00007fd49815c800, 0x00007fd49816f000,
0x00007fd498171000, 0x00007fd498173000, 0x00007fd498175000, 0x00007fd4981fb800,
0x00007fd49820d000, 0x00007fd44832c800, 0x00007fd4986df000, 0x00007fd430002800,
0x00007fd43403b000
}

Java Threads: ( => current thread )
  0x00007fd498013000 JavaThread "main" [_thread_blocked, id=8466, stack(0x00007fd4a0de6000,0x00007fd4a0ee7000)]
  0x00007fd498158000 JavaThread "Reference Handler" daemon [_thread_blocked, id=8474, stack(0x00007fd48000d000,0x00007fd48010e000)]
  0x00007fd49815c800 JavaThread "Finalizer" daemon [_thread_blocked, id=8475, stack(0x00007fd47816f000,0x00007fd478270000)]
  0x00007fd49816f000 JavaThread "Signal Dispatcher" daemon [_thread_blocked, id=8476, stack(0x00007fd47806e000,0x00007fd47816f000)]
  0x00007fd498171000 JavaThread "C2 CompilerThread0" daemon [_thread_blocked, id=8477, stack(0x00007fd47141f000,0x00007fd471520000)]
=>0x00007fd498173000 JavaThread "C1 CompilerThread0" daemon [_thread_in_vm, id=8478, stack(0x00007fd47131e000,0x00007fd47141f000)]
  0x00007fd498175000 JavaThread "Sweeper thread" daemon [_thread_blocked, id=8479, stack(0x00007fd47121d000,0x00007fd47131e000)]
  0x00007fd4981fb800 JavaThread "Service Thread" daemon [_thread_blocked, id=8480, stack(0x00007fd47111c000,0x00007fd47121d000)]
  0x00007fd49820d000 JavaThread "Common-Cleaner" daemon [_thread_blocked, id=8482, stack(0x00007fd470f19000,0x00007fd47101a000)]
  0x00007fd44832c800 JavaThread "C2 CompilerThread1" daemon [_thread_blocked, id=8483, stack(0x00007fd4707ef000,0x00007fd4708f0000)]
  0x00007fd4986df000 JavaThread "Thread-0" [_thread_blocked, id=8484, stack(0x00007fd4702df000,0x00007fd4703e0000)]
  0x00007fd430002800 JavaThread "restartedMain" [_thread_blocked, id=8485, stack(0x00007fd4701de000,0x00007fd4702df000)]
  0x00007fd43403b000 JavaThread "background-preinit" [_thread_blocked, id=8486, stack(0x00007fd4700dd000,0x00007fd4701de000)]

Other Threads:
  0x00007fd498150000 VMThread "VM Thread" [stack: 0x00007fd480110000,0x00007fd480210000] [id=8473]
  0x00007fd498206000 WatcherThread [stack: 0x00007fd47101c000,0x00007fd47111c000] [id=8481]
  0x00007fd49803b000 GCTaskThread "GC Thread#0" [stack: 0x00007fd49d29a000,0x00007fd49d39a000] [id=8467]
  0x00007fd49806c000 ConcurrentGCThread "G1 Main Marker" [stack: 0x00007fd49c007000,0x00007fd49c107000] [id=8468]
  0x00007fd49806e000 ConcurrentGCThread "G1 Conc#0" [stack: 0x00007fd480b20000,0x00007fd480c20000] [id=8469]
  0x00007fd4980ee800 ConcurrentGCThread "G1 Refine#0" [stack: 0x00007fd480418000,0x00007fd480518000] [id=8470]
  0x00007fd4980f0000 ConcurrentGCThread "G1 Young RemSet Sampling" [stack: 0x00007fd480316000,0x00007fd480416000] [id=8472]

Threads with active compile tasks:
C1 CompilerThread0 928       3       java.lang.invoke.LambdaForm$Name::replaceNames (174 bytes)

VM state:not at safepoint (normal execution)

VM Mutex/Monitor currently owned by a thread:  ([mutex/lock_event])
[0x00007fd498010210] Compile_lock - owner thread: 0x00007fd498173000

Heap address: 0x0000000084e00000, size: 1970 MB, Compressed Oops mode: 32-bit
Narrow klass base: 0x0000000000000000, Narrow klass shift: 3
Compressed class space size: 1073741824 Address: 0x0000000100000000

Heap:
 garbage-first heap   total 126976K, used 20480K [0x0000000084e00000, 0x0000000100000000)
  region size 1024K, 21 young (21504K), 0 survivors (0K)
 Metaspace       used 11953K, capacity 12166K, committed 12288K, reserved 1060864K
  class space    used 1190K, capacity 1272K, committed 1280K, reserved 1048576K
Heap Regions: E=young(eden), S=young(survivor), O=old, HS=humongous(starts), HC=humongous(continues), CS=collection set, F=free, A=archive, TAMS=top-at-mark-start (previous, next)
|   0|0x0000000084e00000, 0x0000000084e00000, 0x0000000084f00000|  0%| F|  |TAMS 0x0000000084e00000, 0x0000000084e00000| Untracked 
|   1|0x0000000084f00000, 0x0000000084f00000, 0x0000000085000000|  0%| F|  |TAMS 0x0000000084f00000, 0x0000000084f00000| Untracked 
|   2|0x0000000085000000, 0x0000000085000000, 0x0000000085100000|  0%| F|  |TAMS 0x0000000085000000, 0x0000000085000000| Untracked 
|   3|0x0000000085100000, 0x0000000085100000, 0x0000000085200000|  0%| F|  |TAMS 0x0000000085100000, 0x0000000085100000| Untracked 
|   4|0x0000000085200000, 0x0000000085200000, 0x0000000085300000|  0%| F|  |TAMS 0x0000000085200000, 0x0000000085200000| Untracked 
|   5|0x0000000085300000, 0x0000000085300000, 0x0000000085400000|  0%| F|  |TAMS 0x0000000085300000, 0x0000000085300000| Untracked 
|   6|0x0000000085400000, 0x0000000085400000, 0x0000000085500000|  0%| F|  |TAMS 0x0000000085400000, 0x0000000085400000| Untracked 
|   7|0x0000000085500000, 0x0000000085500000, 0x0000000085600000|  0%| F|  |TAMS 0x0000000085500000, 0x0000000085500000| Untracked 
|   8|0x0000000085600000, 0x0000000085600000, 0x0000000085700000|  0%| F|  |TAMS 0x0000000085600000, 0x0000000085600000| Untracked 
|   9|0x0000000085700000, 0x0000000085700000, 0x0000000085800000|  0%| F|  |TAMS 0x0000000085700000, 0x0000000085700000| Untracked 
|  10|0x0000000085800000, 0x0000000085800000, 0x0000000085900000|  0%| F|  |TAMS 0x0000000085800000, 0x0000000085800000| Untracked 
|  11|0x0000000085900000, 0x0000000085900000, 0x0000000085a00000|  0%| F|  |TAMS 0x0000000085900000, 0x0000000085900000| Untracked 
|  12|0x0000000085a00000, 0x0000000085a00000, 0x0000000085b00000|  0%| F|  |TAMS 0x0000000085a00000, 0x0000000085a00000| Untracked 
|  13|0x0000000085b00000, 0x0000000085b00000, 0x0000000085c00000|  0%| F|  |TAMS 0x0000000085b00000, 0x0000000085b00000| Untracked 
|  14|0x0000000085c00000, 0x0000000085c00000, 0x0000000085d00000|  0%| F|  |TAMS 0x0000000085c00000, 0x0000000085c00000| Untracked 
|  15|0x0000000085d00000, 0x0000000085d00000, 0x0000000085e00000|  0%| F|  |TAMS 0x0000000085d00000, 0x0000000085d00000| Untracked 
|  16|0x0000000085e00000, 0x0000000085e00000, 0x0000000085f00000|  0%| F|  |TAMS 0x0000000085e00000, 0x0000000085e00000| Untracked 
|  17|0x0000000085f00000, 0x0000000085f00000, 0x0000000086000000|  0%| F|  |TAMS 0x0000000085f00000, 0x0000000085f00000| Untracked 
|  18|0x0000000086000000, 0x0000000086000000, 0x0000000086100000|  0%| F|  |TAMS 0x0000000086000000, 0x0000000086000000| Untracked 
|  19|0x0000000086100000, 0x0000000086100000, 0x0000000086200000|  0%| F|  |TAMS 0x0000000086100000, 0x0000000086100000| Untracked 
|  20|0x0000000086200000, 0x0000000086200000, 0x0000000086300000|  0%| F|  |TAMS 0x0000000086200000, 0x0000000086200000| Untracked 
|  21|0x0000000086300000, 0x0000000086300000, 0x0000000086400000|  0%| F|  |TAMS 0x0000000086300000, 0x0000000086300000| Untracked 
|  22|0x0000000086400000, 0x0000000086400000, 0x0000000086500000|  0%| F|  |TAMS 0x0000000086400000, 0x0000000086400000| Untracked 
|  23|0x0000000086500000, 0x0000000086500000, 0x0000000086600000|  0%| F|  |TAMS 0x0000000086500000, 0x0000000086500000| Untracked 
|  24|0x0000000086600000, 0x0000000086600000, 0x0000000086700000|  0%| F|  |TAMS 0x0000000086600000, 0x0000000086600000| Untracked 
|  25|0x0000000086700000, 0x0000000086700000, 0x0000000086800000|  0%| F|  |TAMS 0x0000000086700000, 0x0000000086700000| Untracked 
|  26|0x0000000086800000, 0x0000000086800000, 0x0000000086900000|  0%| F|  |TAMS 0x0000000086800000, 0x0000000086800000| Untracked 
|  27|0x0000000086900000, 0x0000000086900000, 0x0000000086a00000|  0%| F|  |TAMS 0x0000000086900000, 0x0000000086900000| Untracked 
|  28|0x0000000086a00000, 0x0000000086a00000, 0x0000000086b00000|  0%| F|  |TAMS 0x0000000086a00000, 0x0000000086a00000| Untracked 
|  29|0x0000000086b00000, 0x0000000086b00000, 0x0000000086c00000|  0%| F|  |TAMS 0x0000000086b00000, 0x0000000086b00000| Untracked 
|  30|0x0000000086c00000, 0x0000000086c00000, 0x0000000086d00000|  0%| F|  |TAMS 0x0000000086c00000, 0x0000000086c00000| Untracked 
|  31|0x0000000086d00000, 0x0000000086d00000, 0x0000000086e00000|  0%| F|  |TAMS 0x0000000086d00000, 0x0000000086d00000| Untracked 
|  32|0x0000000086e00000, 0x0000000086e00000, 0x0000000086f00000|  0%| F|  |TAMS 0x0000000086e00000, 0x0000000086e00000| Untracked 
|  33|0x0000000086f00000, 0x0000000086f00000, 0x0000000087000000|  0%| F|  |TAMS 0x0000000086f00000, 0x0000000086f00000| Untracked 
|  34|0x0000000087000000, 0x0000000087000000, 0x0000000087100000|  0%| F|  |TAMS 0x0000000087000000, 0x0000000087000000| Untracked 
|  35|0x0000000087100000, 0x0000000087100000, 0x0000000087200000|  0%| F|  |TAMS 0x0000000087100000, 0x0000000087100000| Untracked 
|  36|0x0000000087200000, 0x0000000087200000, 0x0000000087300000|  0%| F|  |TAMS 0x0000000087200000, 0x0000000087200000| Untracked 
|  37|0x0000000087300000, 0x0000000087300000, 0x0000000087400000|  0%| F|  |TAMS 0x0000000087300000, 0x0000000087300000| Untracked 
|  38|0x0000000087400000, 0x0000000087400000, 0x0000000087500000|  0%| F|  |TAMS 0x0000000087400000, 0x0000000087400000| Untracked 
|  39|0x0000000087500000, 0x0000000087500000, 0x0000000087600000|  0%| F|  |TAMS 0x0000000087500000, 0x0000000087500000| Untracked 
|  40|0x0000000087600000, 0x0000000087600000, 0x0000000087700000|  0%| F|  |TAMS 0x0000000087600000, 0x0000000087600000| Untracked 
|  41|0x0000000087700000, 0x0000000087700000, 0x0000000087800000|  0%| F|  |TAMS 0x0000000087700000, 0x0000000087700000| Untracked 
|  42|0x0000000087800000, 0x0000000087800000, 0x0000000087900000|  0%| F|  |TAMS 0x0000000087800000, 0x0000000087800000| Untracked 
|  43|0x0000000087900000, 0x0000000087900000, 0x0000000087a00000|  0%| F|  |TAMS 0x0000000087900000, 0x0000000087900000| Untracked 
|  44|0x0000000087a00000, 0x0000000087a00000, 0x0000000087b00000|  0%| F|  |TAMS 0x0000000087a00000, 0x0000000087a00000| Untracked 
|  45|0x0000000087b00000, 0x0000000087b00000, 0x0000000087c00000|  0%| F|  |TAMS 0x0000000087b00000, 0x0000000087b00000| Untracked 
|  46|0x0000000087c00000, 0x0000000087c00000, 0x0000000087d00000|  0%| F|  |TAMS 0x0000000087c00000, 0x0000000087c00000| Untracked 
|  47|0x0000000087d00000, 0x0000000087d00000, 0x0000000087e00000|  0%| F|  |TAMS 0x0000000087d00000, 0x0000000087d00000| Untracked 
|  48|0x0000000087e00000, 0x0000000087e00000, 0x0000000087f00000|  0%| F|  |TAMS 0x0000000087e00000, 0x0000000087e00000| Untracked 
|  49|0x0000000087f00000, 0x0000000087f00000, 0x0000000088000000|  0%| F|  |TAMS 0x0000000087f00000, 0x0000000087f00000| Untracked 
|  50|0x0000000088000000, 0x0000000088000000, 0x0000000088100000|  0%| F|  |TAMS 0x0000000088000000, 0x0000000088000000| Untracked 
|  51|0x0000000088100000, 0x0000000088100000, 0x0000000088200000|  0%| F|  |TAMS 0x0000000088100000, 0x0000000088100000| Untracked 
|  52|0x0000000088200000, 0x0000000088200000, 0x0000000088300000|  0%| F|  |TAMS 0x0000000088200000, 0x0000000088200000| Untracked 
|  53|0x0000000088300000, 0x0000000088300000, 0x0000000088400000|  0%| F|  |TAMS 0x0000000088300000, 0x0000000088300000| Untracked 
|  54|0x0000000088400000, 0x0000000088400000, 0x0000000088500000|  0%| F|  |TAMS 0x0000000088400000, 0x0000000088400000| Untracked 
|  55|0x0000000088500000, 0x0000000088500000, 0x0000000088600000|  0%| F|  |TAMS 0x0000000088500000, 0x0000000088500000| Untracked 
|  56|0x0000000088600000, 0x0000000088600000, 0x0000000088700000|  0%| F|  |TAMS 0x0000000088600000, 0x0000000088600000| Untracked 
|  57|0x0000000088700000, 0x0000000088700000, 0x0000000088800000|  0%| F|  |TAMS 0x0000000088700000, 0x0000000088700000| Untracked 
|  58|0x0000000088800000, 0x0000000088800000, 0x0000000088900000|  0%| F|  |TAMS 0x0000000088800000, 0x0000000088800000| Untracked 
|  59|0x0000000088900000, 0x0000000088900000, 0x0000000088a00000|  0%| F|  |TAMS 0x0000000088900000, 0x0000000088900000| Untracked 
|  60|0x0000000088a00000, 0x0000000088a00000, 0x0000000088b00000|  0%| F|  |TAMS 0x0000000088a00000, 0x0000000088a00000| Untracked 
|  61|0x0000000088b00000, 0x0000000088b00000, 0x0000000088c00000|  0%| F|  |TAMS 0x0000000088b00000, 0x0000000088b00000| Untracked 
|  62|0x0000000088c00000, 0x0000000088c00000, 0x0000000088d00000|  0%| F|  |TAMS 0x0000000088c00000, 0x0000000088c00000| Untracked 
|  63|0x0000000088d00000, 0x0000000088d00000, 0x0000000088e00000|  0%| F|  |TAMS 0x0000000088d00000, 0x0000000088d00000| Untracked 
|  64|0x0000000088e00000, 0x0000000088e00000, 0x0000000088f00000|  0%| F|  |TAMS 0x0000000088e00000, 0x0000000088e00000| Untracked 
|  65|0x0000000088f00000, 0x0000000088f00000, 0x0000000089000000|  0%| F|  |TAMS 0x0000000088f00000, 0x0000000088f00000| Untracked 
|  66|0x0000000089000000, 0x0000000089000000, 0x0000000089100000|  0%| F|  |TAMS 0x0000000089000000, 0x0000000089000000| Untracked 
|  67|0x0000000089100000, 0x0000000089100000, 0x0000000089200000|  0%| F|  |TAMS 0x0000000089100000, 0x0000000089100000| Untracked 
|  68|0x0000000089200000, 0x0000000089200000, 0x0000000089300000|  0%| F|  |TAMS 0x0000000089200000, 0x0000000089200000| Untracked 
|  69|0x0000000089300000, 0x0000000089300000, 0x0000000089400000|  0%| F|  |TAMS 0x0000000089300000, 0x0000000089300000| Untracked 
|  70|0x0000000089400000, 0x0000000089400000, 0x0000000089500000|  0%| F|  |TAMS 0x0000000089400000, 0x0000000089400000| Untracked 
|  71|0x0000000089500000, 0x0000000089500000, 0x0000000089600000|  0%| F|  |TAMS 0x0000000089500000, 0x0000000089500000| Untracked 
|  72|0x0000000089600000, 0x0000000089600000, 0x0000000089700000|  0%| F|  |TAMS 0x0000000089600000, 0x0000000089600000| Untracked 
|  73|0x0000000089700000, 0x0000000089700000, 0x0000000089800000|  0%| F|  |TAMS 0x0000000089700000, 0x0000000089700000| Untracked 
|  74|0x0000000089800000, 0x0000000089800000, 0x0000000089900000|  0%| F|  |TAMS 0x0000000089800000, 0x0000000089800000| Untracked 
|  75|0x0000000089900000, 0x0000000089900000, 0x0000000089a00000|  0%| F|  |TAMS 0x0000000089900000, 0x0000000089900000| Untracked 
|  76|0x0000000089a00000, 0x0000000089a00000, 0x0000000089b00000|  0%| F|  |TAMS 0x0000000089a00000, 0x0000000089a00000| Untracked 
|  77|0x0000000089b00000, 0x0000000089b00000, 0x0000000089c00000|  0%| F|  |TAMS 0x0000000089b00000, 0x0000000089b00000| Untracked 
|  78|0x0000000089c00000, 0x0000000089c00000, 0x0000000089d00000|  0%| F|  |TAMS 0x0000000089c00000, 0x0000000089c00000| Untracked 
|  79|0x0000000089d00000, 0x0000000089d00000, 0x0000000089e00000|  0%| F|  |TAMS 0x0000000089d00000, 0x0000000089d00000| Untracked 
|  80|0x0000000089e00000, 0x0000000089e00000, 0x0000000089f00000|  0%| F|  |TAMS 0x0000000089e00000, 0x0000000089e00000| Untracked 
|  81|0x0000000089f00000, 0x0000000089f00000, 0x000000008a000000|  0%| F|  |TAMS 0x0000000089f00000, 0x0000000089f00000| Untracked 
|  82|0x000000008a000000, 0x000000008a000000, 0x000000008a100000|  0%| F|  |TAMS 0x000000008a000000, 0x000000008a000000| Untracked 
|  83|0x000000008a100000, 0x000000008a100000, 0x000000008a200000|  0%| F|  |TAMS 0x000000008a100000, 0x000000008a100000| Untracked 
|  84|0x000000008a200000, 0x000000008a200000, 0x000000008a300000|  0%| F|  |TAMS 0x000000008a200000, 0x000000008a200000| Untracked 
|  85|0x000000008a300000, 0x000000008a300000, 0x000000008a400000|  0%| F|  |TAMS 0x000000008a300000, 0x000000008a300000| Untracked 
|  86|0x000000008a400000, 0x000000008a400000, 0x000000008a500000|  0%| F|  |TAMS 0x000000008a400000, 0x000000008a400000| Untracked 
|  87|0x000000008a500000, 0x000000008a500000, 0x000000008a600000|  0%| F|  |TAMS 0x000000008a500000, 0x000000008a500000| Untracked 
|  88|0x000000008a600000, 0x000000008a600000, 0x000000008a700000|  0%| F|  |TAMS 0x000000008a600000, 0x000000008a600000| Untracked 
|  89|0x000000008a700000, 0x000000008a700000, 0x000000008a800000|  0%| F|  |TAMS 0x000000008a700000, 0x000000008a700000| Untracked 
|  90|0x000000008a800000, 0x000000008a800000, 0x000000008a900000|  0%| F|  |TAMS 0x000000008a800000, 0x000000008a800000| Untracked 
|  91|0x000000008a900000, 0x000000008a900000, 0x000000008aa00000|  0%| F|  |TAMS 0x000000008a900000, 0x000000008a900000| Untracked 
|  92|0x000000008aa00000, 0x000000008aa00000, 0x000000008ab00000|  0%| F|  |TAMS 0x000000008aa00000, 0x000000008aa00000| Untracked 
|  93|0x000000008ab00000, 0x000000008ab00000, 0x000000008ac00000|  0%| F|  |TAMS 0x000000008ab00000, 0x000000008ab00000| Untracked 
|  94|0x000000008ac00000, 0x000000008ac00000, 0x000000008ad00000|  0%| F|  |TAMS 0x000000008ac00000, 0x000000008ac00000| Untracked 
|  95|0x000000008ad00000, 0x000000008ad00000, 0x000000008ae00000|  0%| F|  |TAMS 0x000000008ad00000, 0x000000008ad00000| Untracked 
|  96|0x000000008ae00000, 0x000000008ae00000, 0x000000008af00000|  0%| F|  |TAMS 0x000000008ae00000, 0x000000008ae00000| Untracked 
|  97|0x000000008af00000, 0x000000008af00000, 0x000000008b000000|  0%| F|  |TAMS 0x000000008af00000, 0x000000008af00000| Untracked 
|  98|0x000000008b000000, 0x000000008b000000, 0x000000008b100000|  0%| F|  |TAMS 0x000000008b000000, 0x000000008b000000| Untracked 
|  99|0x000000008b100000, 0x000000008b100000, 0x000000008b200000|  0%| F|  |TAMS 0x000000008b100000, 0x000000008b100000| Untracked 
| 100|0x000000008b200000, 0x000000008b200000, 0x000000008b300000|  0%| F|  |TAMS 0x000000008b200000, 0x000000008b200000| Untracked 
| 101|0x000000008b300000, 0x000000008b300000, 0x000000008b400000|  0%| F|  |TAMS 0x000000008b300000, 0x000000008b300000| Untracked 
| 102|0x000000008b400000, 0x000000008b400000, 0x000000008b500000|  0%| F|  |TAMS 0x000000008b400000, 0x000000008b400000| Untracked 
| 103|0x000000008b500000, 0x000000008b600000, 0x000000008b600000|100%| E|  |TAMS 0x000000008b500000, 0x000000008b500000| Complete 
| 104|0x000000008b600000, 0x000000008b700000, 0x000000008b700000|100%| E|CS|TAMS 0x000000008b600000, 0x000000008b600000| Complete 
| 105|0x000000008b700000, 0x000000008b800000, 0x000000008b800000|100%| E|CS|TAMS 0x000000008b700000, 0x000000008b700000| Complete 
| 106|0x000000008b800000, 0x000000008b900000, 0x000000008b900000|100%| E|CS|TAMS 0x000000008b800000, 0x000000008b800000| Complete 
| 107|0x000000008b900000, 0x000000008ba00000, 0x000000008ba00000|100%| E|CS|TAMS 0x000000008b900000, 0x000000008b900000| Complete 
| 108|0x000000008ba00000, 0x000000008bb00000, 0x000000008bb00000|100%| E|CS|TAMS 0x000000008ba00000, 0x000000008ba00000| Complete 
| 109|0x000000008bb00000, 0x000000008bc00000, 0x000000008bc00000|100%| E|CS|TAMS 0x000000008bb00000, 0x000000008bb00000| Complete 
| 110|0x000000008bc00000, 0x000000008bd00000, 0x000000008bd00000|100%| E|CS|TAMS 0x000000008bc00000, 0x000000008bc00000| Complete 
| 111|0x000000008bd00000, 0x000000008be00000, 0x000000008be00000|100%| E|CS|TAMS 0x000000008bd00000, 0x000000008bd00000| Complete 
| 112|0x000000008be00000, 0x000000008bf00000, 0x000000008bf00000|100%| E|CS|TAMS 0x000000008be00000, 0x000000008be00000| Complete 
| 113|0x000000008bf00000, 0x000000008c000000, 0x000000008c000000|100%| E|CS|TAMS 0x000000008bf00000, 0x000000008bf00000| Complete 
| 114|0x000000008c000000, 0x000000008c100000, 0x000000008c100000|100%| E|CS|TAMS 0x000000008c000000, 0x000000008c000000| Complete 
| 115|0x000000008c100000, 0x000000008c200000, 0x000000008c200000|100%| E|CS|TAMS 0x000000008c100000, 0x000000008c100000| Complete 
| 116|0x000000008c200000, 0x000000008c300000, 0x000000008c300000|100%| E|CS|TAMS 0x000000008c200000, 0x000000008c200000| Complete 
| 117|0x000000008c300000, 0x000000008c400000, 0x000000008c400000|100%| E|CS|TAMS 0x000000008c300000, 0x000000008c300000| Complete 
| 118|0x000000008c400000, 0x000000008c500000, 0x000000008c500000|100%| E|CS|TAMS 0x000000008c400000, 0x000000008c400000| Complete 
| 119|0x000000008c500000, 0x000000008c600000, 0x000000008c600000|100%| E|CS|TAMS 0x000000008c500000, 0x000000008c500000| Complete 
| 120|0x000000008c600000, 0x000000008c700000, 0x000000008c700000|100%| E|CS|TAMS 0x000000008c600000, 0x000000008c600000| Complete 
| 121|0x000000008c700000, 0x000000008c800000, 0x000000008c800000|100%| E|CS|TAMS 0x000000008c700000, 0x000000008c700000| Complete 
| 122|0x000000008c800000, 0x000000008c900000, 0x000000008c900000|100%| E|CS|TAMS 0x000000008c800000, 0x000000008c800000| Complete 
| 123|0x000000008c900000, 0x000000008ca00000, 0x000000008ca00000|100%| E|CS|TAMS 0x000000008c900000, 0x000000008c900000| Complete 

Card table byte_map: [0x00007fd49c4e0000,0x00007fd49c8b9000] _byte_map_base: 0x00007fd49c0b9000

Marking Bits (Prev, Next): (CMBitMap*) 0x00007fd498063ad8, (CMBitMap*) 0x00007fd498063b10
 Prev Bits: [0x00007fd47a138000, 0x00007fd47c000000)
 Next Bits: [0x00007fd478270000, 0x00007fd47a138000)

Polling page: 0x00007fd4a0de4000

Metaspace:

Usage:
  Non-class:     10.64 MB capacity,    10.51 MB ( 99%) used,   112.77 KB (  1%) free+waste,    17.88 KB ( <1%) overhead. 
      Class:      1.24 MB capacity,     1.16 MB ( 94%) used,    73.16 KB (  6%) free+waste,     8.44 KB ( <1%) overhead. 
       Both:     11.88 MB capacity,    11.67 MB ( 98%) used,   185.92 KB (  2%) free+waste,    26.31 KB ( <1%) overhead. 

Virtual space:
  Non-class space:       12.00 MB reserved,      10.75 MB ( 90%) committed 
      Class space:        1.00 GB reserved,       1.25 MB ( <1%) committed 
             Both:        1.01 GB reserved,      12.00 MB (  1%) committed 

Chunk freelists:
   Non-Class:  6.25 KB
       Class:  1.00 KB
        Both:  7.25 KB

CodeHeap 'non-profiled nmethods': size=120032Kb used=277Kb max_used=277Kb free=119754Kb
 bounds [0x00007fd4886e8000, 0x00007fd488958000, 0x00007fd48fc20000]
CodeHeap 'profiled nmethods': size=120032Kb used=1777Kb max_used=1777Kb free=118254Kb
 bounds [0x00007fd4811b0000, 0x00007fd481420000, 0x00007fd4886e8000]
CodeHeap 'non-nmethods': size=5696Kb used=1059Kb max_used=1071Kb free=4636Kb
 bounds [0x00007fd480c20000, 0x00007fd480e90000, 0x00007fd4811b0000]
 total_blobs=1493 nmethods=925 adapters=284
 compilation: enabled
              stopped_count=0, restarted_count=0
 full_count=0

Compilation events (10 events):
Event: 0.672 Thread 0x00007fd498173000  914       3       org.springframework.util.ConcurrentReferenceHashMap$Task::hasOption (9 bytes)
Event: 0.672 Thread 0x00007fd498173000 nmethod 914 0x00007fd48136b310 code [0x00007fd48136b4e0, 0x00007fd48136b708]
Event: 0.672 Thread 0x00007fd498173000  916       3       jdk.internal.org.objectweb.asm.Item::<init> (5 bytes)
Event: 0.672 Thread 0x00007fd44832c800 nmethod 921 0x00007fd48872d290 code [0x00007fd48872d440, 0x00007fd48872d528]
Event: 0.672 Thread 0x00007fd498173000 nmethod 916 0x00007fd48136b810 code [0x00007fd48136b9c0, 0x00007fd48136bb70]
Event: 0.672 Thread 0x00007fd498173000  925       3       jdk.internal.org.objectweb.asm.ByteVector::put11 (52 bytes)
Event: 0.672 Thread 0x00007fd498173000 nmethod 925 0x00007fd48136bc10 code [0x00007fd48136bde0, 0x00007fd48136c048]
Event: 0.672 Thread 0x00007fd498173000  926       3       jdk.internal.org.objectweb.asm.ClassWriter::newNameType (10 bytes)
Event: 0.672 Thread 0x00007fd498173000 nmethod 926 0x00007fd48136c190 code [0x00007fd48136c360, 0x00007fd48136c508]
Event: 0.672 Thread 0x00007fd498173000  928       3       java.lang.invoke.LambdaForm$Name::replaceNames (174 bytes)

GC Heap History (0 events):
No events

Deoptimization events (5 events):
Event: 0.116 Thread 0x00007fd498013000 Uncommon trap: reason=unstable_if action=reinterpret pc=0x00007fd4886ec8f8 method=java.lang.String.hashCode()I @ 14 c2
Event: 0.198 Thread 0x00007fd498013000 Uncommon trap: reason=unstable_if action=reinterpret pc=0x00007fd4886f233c method=java.util.zip.ZipFile$Source.isMetaName([BII)Z @ 43 c2
Event: 0.273 Thread 0x00007fd498013000 Uncommon trap: reason=unstable_if action=reinterpret pc=0x00007fd4886f8fe4 method=java.io.BufferedReader.read()I @ 19 c2
Event: 0.369 Thread 0x00007fd498013000 Uncommon trap: reason=unstable_if action=reinterpret pc=0x00007fd4886e968c method=java.lang.String.isLatin1()Z @ 10 c2
Event: 0.576 Thread 0x00007fd430002800 Uncommon trap: reason=class_check action=maybe_recompile pc=0x00007fd48870ea48 method=jdk.internal.loader.URLClassPath.getLoader(I)Ljdk/internal/loader/URLClassPath$Loader; @ 88 c2

Classes redefined (0 events):
No events

Internal exceptions (4 events):
Event: 0.271 Thread 0x00007fd498013000 Exception <a 'java/lang/ClassNotFoundException'{0x000000008c467fd8}: javax/smartcardio/CardPermission> (0x000000008c467fd8) thrown at [/scratch/opt/mach5/mesos/work_dir/slaves/ae206c0d-865c-4d69-a16b-c4e90bf2719f-S646/frameworks/1735e8a2-a1db-478c-8104-60
Event: 0.275 Thread 0x00007fd498013000 Exception <a 'java/io/FileNotFoundException'{0x000000008c471738}> (0x000000008c471738) thrown at [/scratch/opt/mach5/mesos/work_dir/slaves/ae206c0d-865c-4d69-a16b-c4e90bf2719f-S646/frameworks/1735e8a2-a1db-478c-8104-60c8b0af87dd-0196/executors/9e8e1abd-20
Event: 0.426 Thread 0x00007fd498013000 Exception <a 'java/lang/NoSuchMethodError'{0x000000008c0c5a38}: java.lang.invoke.DirectMethodHandle$Holder.invokeStaticInit(Ljava/lang/Object;Ljava/lang/Object;)I> (0x000000008c0c5a38) thrown at [/scratch/opt/mach5/mesos/work_dir/slaves/ae206c0d-865c-4d69
Event: 0.523 Thread 0x00007fd498013000 Exception <a 'java/lang/NoSuchMethodError'{0x000000008bc93208}: java.lang.invoke.DirectMethodHandle$Holder.invokeStaticInit(Ljava/lang/Object;Ljava/lang/Object;Ljava/lang/Object;)Ljava/lang/Object;> (0x000000008bc93208) thrown at [/scratch/opt/mach5/mesos

Events (10 events):
Event: 0.670 loading class java/lang/invoke/BoundMethodHandle$Species_LLLLLLL
Event: 0.671 loading class java/lang/invoke/BoundMethodHandle$Species_LLLLLLL done
Event: 0.671 loading class org/springframework/core/convert/support/PropertiesToStringConverter
Event: 0.671 loading class org/springframework/core/convert/support/PropertiesToStringConverter done
Event: 0.671 loading class org/springframework/core/convert/support/StringToUUIDConverter
Event: 0.671 loading class org/springframework/core/convert/support/StringToUUIDConverter done
Event: 0.671 loading class java/util/UUID
Event: 0.672 loading class java/util/UUID done
Event: 0.672 loading class org/springframework/core/convert/support/ArrayToCollectionConverter
Event: 0.672 loading class org/springframework/core/convert/support/ArrayToCollectionConverter done


Dynamic libraries:
00400000-00401000 r-xp 00000000 08:12 6293893                            /usr/lib/jvm/java-11-oracle/bin/java
00600000-00601000 r--p 00000000 08:12 6293893                            /usr/lib/jvm/java-11-oracle/bin/java
00601000-00602000 rw-p 00001000 08:12 6293893                            /usr/lib/jvm/java-11-oracle/bin/java
0163b000-0165c000 rw-p 00000000 00:00 0                                  [heap]
84e00000-8ca00000 rw-p 00000000 00:00 0 
8ca00000-100000000 ---p 00000000 00:00 0 
100000000-100140000 rw-p 00000000 00:00 0 
100140000-140000000 ---p 00000000 00:00 0 
7fd428000000-7fd428021000 rw-p 00000000 00:00 0 
7fd428021000-7fd42c000000 ---p 00000000 00:00 0 
7fd42fa7f000-7fd42fec0000 rw-p 00000000 00:00 0 
7fd42fec0000-7fd430000000 ---p 00000000 00:00 0 
7fd430000000-7fd430021000 rw-p 00000000 00:00 0 
7fd430021000-7fd434000000 ---p 00000000 00:00 0 
7fd434000000-7fd43404d000 rw-p 00000000 00:00 0 
7fd43404d000-7fd438000000 ---p 00000000 00:00 0 
7fd438000000-7fd438021000 rw-p 00000000 00:00 0 
7fd438021000-7fd43c000000 ---p 00000000 00:00 0 
7fd43c000000-7fd43c110000 rw-p 00000000 00:00 0 
7fd43c110000-7fd440000000 ---p 00000000 00:00 0 
7fd440000000-7fd440021000 rw-p 00000000 00:00 0 
7fd440021000-7fd444000000 ---p 00000000 00:00 0 
7fd444000000-7fd444021000 rw-p 00000000 00:00 0 
7fd444021000-7fd448000000 ---p 00000000 00:00 0 
7fd448000000-7fd448388000 rw-p 00000000 00:00 0 
7fd448388000-7fd44c000000 ---p 00000000 00:00 0 
7fd44c000000-7fd44c021000 rw-p 00000000 00:00 0 
7fd44c021000-7fd450000000 ---p 00000000 00:00 0 
7fd450000000-7fd450021000 rw-p 00000000 00:00 0 
7fd450021000-7fd454000000 ---p 00000000 00:00 0 
7fd454000000-7fd45448c000 rw-p 00000000 00:00 0 
7fd45448c000-7fd458000000 ---p 00000000 00:00 0 
7fd458000000-7fd458021000 rw-p 00000000 00:00 0 
7fd458021000-7fd45c000000 ---p 00000000 00:00 0 
7fd45c000000-7fd45c021000 rw-p 00000000 00:00 0 
7fd45c021000-7fd460000000 ---p 00000000 00:00 0 
7fd460000000-7fd460021000 rw-p 00000000 00:00 0 
7fd460021000-7fd464000000 ---p 00000000 00:00 0 
7fd464000000-7fd464021000 rw-p 00000000 00:00 0 
7fd464021000-7fd468000000 ---p 00000000 00:00 0 
7fd468000000-7fd468021000 rw-p 00000000 00:00 0 
7fd468021000-7fd46c000000 ---p 00000000 00:00 0 
7fd46c000000-7fd46c021000 rw-p 00000000 00:00 0 
7fd46c021000-7fd470000000 ---p 00000000 00:00 0 
7fd4700dd000-7fd4700e1000 ---p 00000000 00:00 0 
7fd4700e1000-7fd4701de000 rw-p 00000000 00:00 0 
7fd4701de000-7fd4701e2000 ---p 00000000 00:00 0 
7fd4701e2000-7fd4702df000 rw-p 00000000 00:00 0 
7fd4702df000-7fd4702e3000 ---p 00000000 00:00 0 
7fd4702e3000-7fd4703e0000 rw-p 00000000 00:00 0 
7fd4703e0000-7fd4703e5000 r-xp 00000000 08:12 6300819                    /usr/lib/jvm/java-11-oracle/lib/libmanagement_ext.so
7fd4703e5000-7fd4705e4000 ---p 00005000 08:12 6300819                    /usr/lib/jvm/java-11-oracle/lib/libmanagement_ext.so
7fd4705e4000-7fd4705e5000 r--p 00004000 08:12 6300819                    /usr/lib/jvm/java-11-oracle/lib/libmanagement_ext.so
7fd4705e5000-7fd4705e6000 rw-p 00005000 08:12 6300819                    /usr/lib/jvm/java-11-oracle/lib/libmanagement_ext.so
7fd4705e8000-7fd4705ec000 r-xp 00000000 08:12 6300817                    /usr/lib/jvm/java-11-oracle/lib/libmanagement.so
7fd4705ec000-7fd4707eb000 ---p 00004000 08:12 6300817                    /usr/lib/jvm/java-11-oracle/lib/libmanagement.so
7fd4707eb000-7fd4707ec000 r--p 00003000 08:12 6300817                    /usr/lib/jvm/java-11-oracle/lib/libmanagement.so
7fd4707ec000-7fd4707ed000 rw-p 00004000 08:12 6300817                    /usr/lib/jvm/java-11-oracle/lib/libmanagement.so
7fd4707ef000-7fd4707f3000 ---p 00000000 00:00 0 
7fd4707f3000-7fd470af0000 rw-p 00000000 00:00 0 
7fd470af0000-7fd470b06000 r-xp 00000000 08:12 6300821                    /usr/lib/jvm/java-11-oracle/lib/libnet.so
7fd470b06000-7fd470d06000 ---p 00016000 08:12 6300821                    /usr/lib/jvm/java-11-oracle/lib/libnet.so
7fd470d06000-7fd470d07000 r--p 00016000 08:12 6300821                    /usr/lib/jvm/java-11-oracle/lib/libnet.so
7fd470d07000-7fd470d08000 rw-p 00017000 08:12 6300821                    /usr/lib/jvm/java-11-oracle/lib/libnet.so
7fd470d08000-7fd470d18000 r-xp 00000000 08:12 6300822                    /usr/lib/jvm/java-11-oracle/lib/libnio.so
7fd470d18000-7fd470f17000 ---p 00010000 08:12 6300822                    /usr/lib/jvm/java-11-oracle/lib/libnio.so
7fd470f17000-7fd470f18000 r--p 0000f000 08:12 6300822                    /usr/lib/jvm/java-11-oracle/lib/libnio.so
7fd470f18000-7fd470f19000 rw-p 00010000 08:12 6300822                    /usr/lib/jvm/java-11-oracle/lib/libnio.so
7fd470f19000-7fd470f1d000 ---p 00000000 00:00 0 
7fd470f1d000-7fd47101a000 rw-p 00000000 00:00 0 
7fd47101a000-7fd47101b000 ---p 00000000 00:00 0 
7fd47101b000-7fd47111c000 rw-p 00000000 00:00 0 
7fd47111c000-7fd471120000 ---p 00000000 00:00 0 
7fd471120000-7fd47121d000 rw-p 00000000 00:00 0 
7fd47121d000-7fd471221000 ---p 00000000 00:00 0 
7fd471221000-7fd47131e000 rw-p 00000000 00:00 0 
7fd47131e000-7fd471322000 ---p 00000000 00:00 0 
7fd471322000-7fd47141f000 rw-p 00000000 00:00 0 
7fd47141f000-7fd471423000 ---p 00000000 00:00 0 
7fd471423000-7fd471520000 rw-p 00000000 00:00 0 
7fd471520000-7fd4717fe000 r--p 00000000 08:12 6297526                    /usr/lib/locale/locale-archive
7fd471800000-7fd474000000 rw-p 00000000 00:00 0 
7fd474000000-7fd474021000 rw-p 00000000 00:00 0 
7fd474021000-7fd478000000 ---p 00000000 00:00 0 
7fd47803d000-7fd47806e000 rw-p 00000000 00:00 0 
7fd47806e000-7fd478072000 ---p 00000000 00:00 0 
7fd478072000-7fd47816f000 rw-p 00000000 00:00 0 
7fd47816f000-7fd478173000 ---p 00000000 00:00 0 
7fd478173000-7fd478460000 rw-p 00000000 00:00 0 
7fd478460000-7fd47a138000 ---p 00000000 00:00 0 
7fd47a138000-7fd47a328000 rw-p 00000000 00:00 0 
7fd47a328000-7fd47c000000 ---p 00000000 00:00 0 
7fd47c000000-7fd47c021000 rw-p 00000000 00:00 0 
7fd47c021000-7fd480000000 ---p 00000000 00:00 0 
7fd48000d000-7fd480011000 ---p 00000000 00:00 0 
7fd480011000-7fd48010e000 rw-p 00000000 00:00 0 
7fd48010e000-7fd48010f000 ---p 00000000 00:00 0 
7fd48010f000-7fd480314000 rw-p 00000000 00:00 0 
7fd480314000-7fd480315000 ---p 00000000 00:00 0 
7fd480315000-7fd480416000 rw-p 00000000 00:00 0 
7fd480416000-7fd480417000 ---p 00000000 00:00 0 
7fd480417000-7fd480b1e000 rw-p 00000000 00:00 0 
7fd480b1e000-7fd480b1f000 ---p 00000000 00:00 0 
7fd480b1f000-7fd480c20000 rw-p 00000000 00:00 0 
7fd480c20000-7fd480e90000 rwxp 00000000 00:00 0 
7fd480e90000-7fd4811b0000 ---p 00000000 00:00 0 
7fd4811b0000-7fd481420000 rwxp 00000000 00:00 0 
7fd481420000-7fd4886e8000 ---p 00000000 00:00 0 
7fd4886e8000-7fd488958000 rwxp 00000000 00:00 0 
7fd488958000-7fd48fc20000 ---p 00000000 00:00 0 
7fd48fc20000-7fd498000000 r--s 00000000 08:12 6300832                    /usr/lib/jvm/java-11-oracle/lib/modules
7fd498000000-7fd4986ec000 rw-p 00000000 00:00 0 
7fd4986ec000-7fd49c000000 ---p 00000000 00:00 0 
7fd49c005000-7fd49c006000 ---p 00000000 00:00 0 
7fd49c006000-7fd49c145000 rw-p 00000000 00:00 0 
7fd49c145000-7fd49c4e0000 ---p 00000000 00:00 0 
7fd49c4e0000-7fd49c51e000 rw-p 00000000 00:00 0 
7fd49c51e000-7fd49c8b9000 ---p 00000000 00:00 0 
7fd49c8b9000-7fd49c8f7000 rw-p 00000000 00:00 0 
7fd49c8f7000-7fd49cc92000 ---p 00000000 00:00 0 
7fd49cc92000-7fd49d298000 rw-p 00000000 00:00 0 
7fd49d298000-7fd49d299000 ---p 00000000 00:00 0 
7fd49d299000-7fd49d39f000 rw-p 00000000 00:00 0 
7fd49d39f000-7fd49d485000 ---p 00000000 00:00 0 
7fd49d485000-7fd49d48a000 rw-p 00000000 00:00 0 
7fd49d48a000-7fd49d570000 ---p 00000000 00:00 0 
7fd49d570000-7fd49d58b000 r-xp 00000000 08:12 6300813                    /usr/lib/jvm/java-11-oracle/lib/libjimage.so
7fd49d58b000-7fd49d78a000 ---p 0001b000 08:12 6300813                    /usr/lib/jvm/java-11-oracle/lib/libjimage.so
7fd49d78a000-7fd49d78c000 r--p 0001a000 08:12 6300813                    /usr/lib/jvm/java-11-oracle/lib/libjimage.so
7fd49d78c000-7fd49d78d000 rw-p 0001c000 08:12 6300813                    /usr/lib/jvm/java-11-oracle/lib/libjimage.so
7fd49d790000-7fd49d797000 r-xp 00000000 08:12 6300831                    /usr/lib/jvm/java-11-oracle/lib/libzip.so
7fd49d797000-7fd49d996000 ---p 00007000 08:12 6300831                    /usr/lib/jvm/java-11-oracle/lib/libzip.so
7fd49d996000-7fd49d997000 r--p 00006000 08:12 6300831                    /usr/lib/jvm/java-11-oracle/lib/libzip.so
7fd49d997000-7fd49d998000 rw-p 00007000 08:12 6300831                    /usr/lib/jvm/java-11-oracle/lib/libzip.so
7fd49d998000-7fd49d9a3000 r-xp 00000000 08:12 2364113                    /lib/x86_64-linux-gnu/libnss_files-2.27.so
7fd49d9a3000-7fd49dba2000 ---p 0000b000 08:12 2364113                    /lib/x86_64-linux-gnu/libnss_files-2.27.so
7fd49dba2000-7fd49dba3000 r--p 0000a000 08:12 2364113                    /lib/x86_64-linux-gnu/libnss_files-2.27.so
7fd49dba3000-7fd49dba4000 rw-p 0000b000 08:12 2364113                    /lib/x86_64-linux-gnu/libnss_files-2.27.so
7fd49dba4000-7fd49dbaa000 rw-p 00000000 00:00 0 
7fd49dbb0000-7fd49dbc7000 r-xp 00000000 08:12 2364107                    /lib/x86_64-linux-gnu/libnsl-2.27.so
7fd49dbc7000-7fd49ddc6000 ---p 00017000 08:12 2364107                    /lib/x86_64-linux-gnu/libnsl-2.27.so
7fd49ddc6000-7fd49ddc7000 r--p 00016000 08:12 2364107                    /lib/x86_64-linux-gnu/libnsl-2.27.so
7fd49ddc7000-7fd49ddc8000 rw-p 00017000 08:12 2364107                    /lib/x86_64-linux-gnu/libnsl-2.27.so
7fd49ddc8000-7fd49ddca000 rw-p 00000000 00:00 0 
7fd49ddd0000-7fd49dddb000 r-xp 00000000 08:12 2364124                    /lib/x86_64-linux-gnu/libnss_nis-2.27.so
7fd49dddb000-7fd49dfda000 ---p 0000b000 08:12 2364124                    /lib/x86_64-linux-gnu/libnss_nis-2.27.so
7fd49dfda000-7fd49dfdb000 r--p 0000a000 08:12 2364124                    /lib/x86_64-linux-gnu/libnss_nis-2.27.so
7fd49dfdb000-7fd49dfdc000 rw-p 0000b000 08:12 2364124                    /lib/x86_64-linux-gnu/libnss_nis-2.27.so
7fd49dfe0000-7fd49dfe8000 r-xp 00000000 08:12 2364109                    /lib/x86_64-linux-gnu/libnss_compat-2.27.so
7fd49dfe8000-7fd49e1e8000 ---p 00008000 08:12 2364109                    /lib/x86_64-linux-gnu/libnss_compat-2.27.so
7fd49e1e8000-7fd49e1e9000 r--p 00008000 08:12 2364109                    /lib/x86_64-linux-gnu/libnss_compat-2.27.so
7fd49e1e9000-7fd49e1ea000 rw-p 00009000 08:12 2364109                    /lib/x86_64-linux-gnu/libnss_compat-2.27.so
7fd49e1f0000-7fd49e219000 r-xp 00000000 08:12 6300809                    /usr/lib/jvm/java-11-oracle/lib/libjava.so
7fd49e219000-7fd49e419000 ---p 00029000 08:12 6300809                    /usr/lib/jvm/java-11-oracle/lib/libjava.so
7fd49e419000-7fd49e41a000 r--p 00029000 08:12 6300809                    /usr/lib/jvm/java-11-oracle/lib/libjava.so
7fd49e41a000-7fd49e41c000 rw-p 0002a000 08:12 6300809                    /usr/lib/jvm/java-11-oracle/lib/libjava.so
7fd49e420000-7fd49e42d000 r-xp 00000000 08:12 6300830                    /usr/lib/jvm/java-11-oracle/lib/libverify.so
7fd49e42d000-7fd49e62c000 ---p 0000d000 08:12 6300830                    /usr/lib/jvm/java-11-oracle/lib/libverify.so
7fd49e62c000-7fd49e62e000 r--p 0000c000 08:12 6300830                    /usr/lib/jvm/java-11-oracle/lib/libverify.so
7fd49e62e000-7fd49e62f000 rw-p 0000e000 08:12 6300830                    /usr/lib/jvm/java-11-oracle/lib/libverify.so
7fd49e630000-7fd49e637000 r-xp 00000000 08:12 2364164                    /lib/x86_64-linux-gnu/librt-2.27.so
7fd49e637000-7fd49e836000 ---p 00007000 08:12 2364164                    /lib/x86_64-linux-gnu/librt-2.27.so
7fd49e836000-7fd49e837000 r--p 00006000 08:12 2364164                    /lib/x86_64-linux-gnu/librt-2.27.so
7fd49e837000-7fd49e838000 rw-p 00007000 08:12 2364164                    /lib/x86_64-linux-gnu/librt-2.27.so
7fd49e838000-7fd49e9d5000 r-xp 00000000 08:12 2364086                    /lib/x86_64-linux-gnu/libm-2.27.so
7fd49e9d5000-7fd49ebd4000 ---p 0019d000 08:12 2364086                    /lib/x86_64-linux-gnu/libm-2.27.so
7fd49ebd4000-7fd49ebd5000 r--p 0019c000 08:12 2364086                    /lib/x86_64-linux-gnu/libm-2.27.so
7fd49ebd5000-7fd49ebd6000 rw-p 0019d000 08:12 2364086                    /lib/x86_64-linux-gnu/libm-2.27.so
7fd49ebd8000-7fd49fd18000 r-xp 00000000 08:12 6300843                    /usr/lib/jvm/java-11-oracle/lib/server/libjvm.so
7fd49fd18000-7fd49ff17000 ---p 01140000 08:12 6300843                    /usr/lib/jvm/java-11-oracle/lib/server/libjvm.so
7fd49ff17000-7fd49ffd6000 r--p 0113f000 08:12 6300843                    /usr/lib/jvm/java-11-oracle/lib/server/libjvm.so
7fd49ffd6000-7fd4a000f000 rw-p 011fe000 08:12 6300843                    /usr/lib/jvm/java-11-oracle/lib/server/libjvm.so
7fd4a000f000-7fd4a0066000 rw-p 00000000 00:00 0 
7fd4a0068000-7fd4a024f000 r-xp 00000000 08:12 2364023                    /lib/x86_64-linux-gnu/libc-2.27.so
7fd4a024f000-7fd4a044f000 ---p 001e7000 08:12 2364023                    /lib/x86_64-linux-gnu/libc-2.27.so
7fd4a044f000-7fd4a0453000 r--p 001e7000 08:12 2364023                    /lib/x86_64-linux-gnu/libc-2.27.so
7fd4a0453000-7fd4a0455000 rw-p 001eb000 08:12 2364023                    /lib/x86_64-linux-gnu/libc-2.27.so
7fd4a0455000-7fd4a0459000 rw-p 00000000 00:00 0 
7fd4a0460000-7fd4a0463000 r-xp 00000000 08:12 2364046                    /lib/x86_64-linux-gnu/libdl-2.27.so
7fd4a0463000-7fd4a0662000 ---p 00003000 08:12 2364046                    /lib/x86_64-linux-gnu/libdl-2.27.so
7fd4a0662000-7fd4a0663000 r--p 00002000 08:12 2364046                    /lib/x86_64-linux-gnu/libdl-2.27.so
7fd4a0663000-7fd4a0664000 rw-p 00003000 08:12 2364046                    /lib/x86_64-linux-gnu/libdl-2.27.so
7fd4a0668000-7fd4a0678000 r-xp 00000000 08:12 6300794                    /usr/lib/jvm/java-11-oracle/lib/jli/libjli.so
7fd4a0678000-7fd4a0877000 ---p 00010000 08:12 6300794                    /usr/lib/jvm/java-11-oracle/lib/jli/libjli.so
7fd4a0877000-7fd4a0878000 r--p 0000f000 08:12 6300794                    /usr/lib/jvm/java-11-oracle/lib/jli/libjli.so
7fd4a0878000-7fd4a0879000 rw-p 00010000 08:12 6300794                    /usr/lib/jvm/java-11-oracle/lib/jli/libjli.so
7fd4a0880000-7fd4a089a000 r-xp 00000000 08:12 2364156                    /lib/x86_64-linux-gnu/libpthread-2.27.so
7fd4a089a000-7fd4a0a99000 ---p 0001a000 08:12 2364156                    /lib/x86_64-linux-gnu/libpthread-2.27.so
7fd4a0a99000-7fd4a0a9a000 r--p 00019000 08:12 2364156                    /lib/x86_64-linux-gnu/libpthread-2.27.so
7fd4a0a9a000-7fd4a0a9b000 rw-p 0001a000 08:12 2364156                    /lib/x86_64-linux-gnu/libpthread-2.27.so
7fd4a0a9b000-7fd4a0a9f000 rw-p 00000000 00:00 0 
7fd4a0aa0000-7fd4a0abc000 r-xp 00000000 08:12 2364197                    /lib/x86_64-linux-gnu/libz.so.1.2.11
7fd4a0abc000-7fd4a0cbb000 ---p 0001c000 08:12 2364197                    /lib/x86_64-linux-gnu/libz.so.1.2.11
7fd4a0cbb000-7fd4a0cbc000 r--p 0001b000 08:12 2364197                    /lib/x86_64-linux-gnu/libz.so.1.2.11
7fd4a0cbc000-7fd4a0cbd000 rw-p 0001c000 08:12 2364197                    /lib/x86_64-linux-gnu/libz.so.1.2.11
7fd4a0cc0000-7fd4a0ce7000 r-xp 00000000 08:12 2363995                    /lib/x86_64-linux-gnu/ld-2.27.so
7fd4a0d0a000-7fd4a0dd1000 rw-p 00000000 00:00 0 
7fd4a0dd1000-7fd4a0dd8000 ---p 00000000 00:00 0 
7fd4a0dd8000-7fd4a0de0000 rw-s 00000000 08:12 8658305                    /tmp/hsperfdata_orios/8461
7fd4a0de4000-7fd4a0de5000 ---p 00000000 00:00 0 
7fd4a0de5000-7fd4a0de6000 r--p 00000000 00:00 0 
7fd4a0de6000-7fd4a0dea000 ---p 00000000 00:00 0 
7fd4a0dea000-7fd4a0ee7000 rw-p 00000000 00:00 0 
7fd4a0ee7000-7fd4a0ee8000 r--p 00027000 08:12 2363995                    /lib/x86_64-linux-gnu/ld-2.27.so
7fd4a0ee8000-7fd4a0ee9000 rw-p 00028000 08:12 2363995                    /lib/x86_64-linux-gnu/ld-2.27.so
7fd4a0ee9000-7fd4a0eec000 rw-p 00000000 00:00 0 
7fd4a0eec000-7fd4a0eee000 rw-p 00000000 00:00 0 
7ffda8a6f000-7ffda8a91000 rw-p 00000000 00:00 0                          [stack]
7ffda8b98000-7ffda8b9b000 r--p 00000000 00:00 0                          [vvar]
7ffda8b9b000-7ffda8b9d000 r-xp 00000000 00:00 0                          [vdso]
ffffffffff600000-ffffffffff601000 r-xp 00000000 00:00 0                  [vsyscall]


VM Arguments:
jvm_args: -Dfile.encoding=UTF-8 
java_command: com.rios.tacocloud.TacoCloudApplication
java_class_path (initial): /home/orios/eclipse-workspace/taco-cloud/target/classes:/home/orios/.m2/repository/org/springframework/boot/spring-boot-starter-thymeleaf/2.1.8.RELEASE/spring-boot-starter-thymeleaf-2.1.8.RELEASE.jar:/home/orios/.m2/repository/org/springframework/boot/spring-boot-starter/2.1.8.RELEASE/spring-boot-starter-2.1.8.RELEASE.jar:/home/orios/.m2/repository/org/springframework/boot/spring-boot-starter-logging/2.1.8.RELEASE/spring-boot-starter-logging-2.1.8.RELEASE.jar:/home/orios/.m2/repository/ch/qos/logback/logback-classic/1.2.3/logback-classic-1.2.3.jar:/home/orios/.m2/repository/ch/qos/logback/logback-core/1.2.3/logback-core-1.2.3.jar:/home/orios/.m2/repository/org/apache/logging/log4j/log4j-to-slf4j/2.11.2/log4j-to-slf4j-2.11.2.jar:/home/orios/.m2/repository/org/apache/logging/log4j/log4j-api/2.11.2/log4j-api-2.11.2.jar:/home/orios/.m2/repository/org/slf4j/jul-to-slf4j/1.7.28/jul-to-slf4j-1.7.28.jar:/home/orios/.m2/repository/javax/annotation/javax.annotation-api/1.3.2/javax.annotation-api-1.3.2.jar:/home/orios/.m2/repository/org/yaml/snakeyaml/1.23/snakeyaml-1.23.jar:/home/orios/.m2/repository/org/thymeleaf/thymeleaf-spring5/3.0.11.RELEASE/thymeleaf-spring5-3.0.11.RELEASE.jar:/home/orios/.m2/repository/org/thymeleaf/thymeleaf/3.0.11.RELEASE/thymeleaf-3.0.11.RELEASE.jar:/home/orios/.m2/repository/org/attoparser/attoparser/2.0.5.RELEASE/attoparser-2.0.5.RELEASE.jar:/home/orios/.m2/repository/org/unbescape/unbescape/1.1.6.RELEASE/unbescape-1.1.6.RELEASE.jar:/home/orios/.m2/repository/org/slf4j/slf4j-api/1.7.28/slf4j-api-1.7.28.jar:/home/orios/.m2/repository/org/thymeleaf/extras/thymeleaf-extras-java8time/3.0.4.RELEASE/thymeleaf-extras-java8time-3.0.4.RELEASE.jar:/home/orios/.m2/repository/org/springframework/boot/spring-boot-starter-web/2.1.8.RELEASE/spring-boot-starter-web-2.1.8.RELEASE.jar:/home/orios/.m2/repository/org/springframework/boot/spring-boot-starter-json/2.1.8.RELEASE/spring-boot-starter-json-2.1.8.RELEASE.jar:/home/orios/.m2/repo
Launcher Type: SUN_STANDARD

[Global flags]
     intx CICompilerCount                          = 3                                         {product} {ergonomic}
     uint ConcGCThreads                            = 2                                         {product} {ergonomic}
     uint G1ConcRefinementThreads                  = 6                                         {product} {ergonomic}
   size_t G1HeapRegionSize                         = 1048576                                   {product} {ergonomic}
    uintx GCDrainStackTargetSize                   = 64                                        {product} {ergonomic}
   size_t InitialHeapSize                          = 130023424                                 {product} {ergonomic}
   size_t MarkStackSize                            = 4194304                                   {product} {ergonomic}
   size_t MaxHeapSize                              = 2065694720                                {product} {ergonomic}
   size_t MaxNewSize                               = 1239416832                                {product} {ergonomic}
   size_t MinHeapDeltaBytes                        = 1048576                                   {product} {ergonomic}
    uintx NonNMethodCodeHeapSize                   = 5830092                                {pd product} {ergonomic}
    uintx NonProfiledCodeHeapSize                  = 122914074                              {pd product} {ergonomic}
    uintx ProfiledCodeHeapSize                     = 122914074                              {pd product} {ergonomic}
    uintx ReservedCodeCacheSize                    = 251658240                              {pd product} {ergonomic}
     bool SegmentedCodeCache                       = true                                      {product} {ergonomic}
     bool UseCompressedClassPointers               = true                                 {lp64_product} {ergonomic}
     bool UseCompressedOops                        = true                                 {lp64_product} {ergonomic}
     bool UseG1GC                                  = true                                      {product} {ergonomic}

Logging:
Log output configuration:
 #0: stdout all=warning uptime,level,tags
 #1: stderr all=off uptime,level,tags

Environment Variables:
JAVA_HOME=/usr/lib/jvm/java-11-oracle
PATH=/usr/local/sbin:/usr/local/bin:/usr/sbin:/usr/bin:/sbin:/bin:/usr/games:/usr/local/games:/usr/lib/jvm/java-11-oracle/bin:/usr/lib/jvm/java-11-oracle/db/bin
SHELL=/bin/bash
DISPLAY=:0

Signal Handlers:
SIGSEGV: [libjvm.so+0xe2b860], sa_mask[0]=11111111011111111101111111111110, sa_flags=SA_RESTART|SA_SIGINFO
SIGBUS: [libjvm.so+0xe2b860], sa_mask[0]=11111111011111111101111111111110, sa_flags=SA_RESTART|SA_SIGINFO
SIGFPE: [libjvm.so+0xe2b860], sa_mask[0]=11111111011111111101111111111110, sa_flags=SA_RESTART|SA_SIGINFO
SIGPIPE: [libjvm.so+0xbffef0], sa_mask[0]=11111111011111111101111111111110, sa_flags=SA_RESTART|SA_SIGINFO
SIGXFSZ: [libjvm.so+0xbffef0], sa_mask[0]=11111111011111111101111111111110, sa_flags=SA_RESTART|SA_SIGINFO
SIGILL: [libjvm.so+0xe2b860], sa_mask[0]=11111111011111111101111111111110, sa_flags=SA_RESTART|SA_SIGINFO
SIGUSR2: [libjvm.so+0xbffd90], sa_mask[0]=00100000000000000000000000000000, sa_flags=SA_RESTART|SA_SIGINFO
SIGHUP: [libjvm.so+0xc000f0], sa_mask[0]=11111111011111111101111111111110, sa_flags=SA_RESTART|SA_SIGINFO
SIGINT: [libjvm.so+0xc000f0], sa_mask[0]=11111111011111111101111111111110, sa_flags=SA_RESTART|SA_SIGINFO
SIGTERM: [libjvm.so+0xc000f0], sa_mask[0]=11111111011111111101111111111110, sa_flags=SA_RESTART|SA_SIGINFO
SIGQUIT: [libjvm.so+0xc000f0], sa_mask[0]=11111111011111111101111111111110, sa_flags=SA_RESTART|SA_SIGINFO


---------------  S Y S T E M  ---------------

OS:DISTRIB_ID=LinuxMint
DISTRIB_RELEASE=19.1
DISTRIB_CODENAME=tessa
DISTRIB_DESCRIPTION="Linux Mint 19.1 Tessa"
uname:Linux 4.15.0-20-generic #21-Ubuntu SMP Tue Apr 24 06:16:15 UTC 2018 x86_64
libc:glibc 2.27 NPTL 2.27 
rlimit: STACK 8192k, CORE 0k, NPROC 30177, NOFILE 1048576, AS infinity, DATA infinity, FSIZE infinity
load average:3.18 2.05 1.55

/proc/meminfo:
MemTotal:        8066708 kB
MemFree:         2157032 kB
MemAvailable:    3933652 kB
Buffers:          215884 kB
Cached:          1888244 kB
SwapCached:            0 kB
Active:          4351696 kB
Inactive:        1199676 kB
Active(anon):    3510652 kB
Inactive(anon):   119908 kB
Active(file):     841044 kB
Inactive(file):  1079768 kB
Unevictable:          96 kB
Mlocked:              96 kB
SwapTotal:       2097148 kB
SwapFree:        2097148 kB
Dirty:               232 kB
Writeback:             0 kB
AnonPages:       3447348 kB
Mapped:           740540 kB
Shmem:            183276 kB
Slab:             199932 kB
SReclaimable:     150140 kB
SUnreclaim:        49792 kB
KernelStack:       12336 kB
PageTables:        65436 kB
NFS_Unstable:          0 kB
Bounce:                0 kB
WritebackTmp:          0 kB
CommitLimit:     6130500 kB
Committed_AS:    9101932 kB
VmallocTotal:   34359738367 kB
VmallocUsed:           0 kB
VmallocChunk:          0 kB
HardwareCorrupted:     0 kB
AnonHugePages:         0 kB
ShmemHugePages:        0 kB
ShmemPmdMapped:        0 kB
CmaTotal:              0 kB
CmaFree:               0 kB
HugePages_Total:       0
HugePages_Free:        0
HugePages_Rsvd:        0
HugePages_Surp:        0
Hugepagesize:       2048 kB
DirectMap4k:      250608 kB
DirectMap2M:     6987776 kB
DirectMap1G:     2097152 kB


/proc/sys/kernel/threads-max (system-wide limit on the number of threads):
60354


/proc/sys/vm/max_map_count (maximum number of memory map areas a process may have):
65530


/proc/sys/kernel/pid_max (system-wide limit on number of process identifiers):
32768



container (cgroup) information:
container_type: cgroupv1
cpu_cpuset_cpus: 0-5
cpu_memory_nodes: 0
active_processor_count: 6
cpu_quota: -1
cpu_period: 100000
cpu_shares: -1
memory_limit_in_bytes: -1
memory_and_swap_limit_in_bytes: -2
memory_soft_limit_in_bytes: -1
memory_usage_in_bytes: 5684981760
memory_max_usage_in_bytes: 0


CPU:total 6 (initial active 6) (6 cores per cpu, 1 threads per core) family 21 model 2 stepping 0, cmov, cx8, fxsr, mmx, sse, sse2, sse3, ssse3, sse4.1, sse4.2, popcnt, avx, aes, clmul, mmxext, 3dnowpref, lzcnt, sse4a, tsc, tscinvbit, tscinv, bmi1, fma
CPU Model and flags from /proc/cpuinfo:
model name	: AMD FX(tm)-6300 Six-Core Processor
flags		: fpu vme de pse tsc msr pae mce cx8 apic sep mtrr pge mca cmov pat pse36 clflush mmx fxsr sse sse2 ht syscall nx mmxext fxsr_opt pdpe1gb rdtscp lm constant_tsc rep_good nopl nonstop_tsc cpuid extd_apicid aperfmperf pni pclmulqdq monitor ssse3 fma cx16 sse4_1 sse4_2 popcnt aes xsave avx f16c lahf_lm cmp_legacy svm extapic cr8_legacy abm sse4a misalignsse 3dnowprefetch osvw ibs xop skinit wdt lwp fma4 tce nodeid_msr tbm topoext perfctr_core perfctr_nb cpb hw_pstate vmmcall bmi1 arat npt lbrv svm_lock nrip_save tsc_scale vmcb_clean flushbyasid decodeassists pausefilter pfthreshold

Memory: 4k page, physical 8066708k(2157032k free), swap 2097148k(2097148k free)

vm_info: Java HotSpot(TM) 64-Bit Server VM (11.0.4+10-LTS) for linux-amd64 JRE (11.0.4+10-LTS), built on Jul  4 2019 15:26:10 by "mach5one" with gcc 7.3.0

END.
